This file contains any messages produced by compilers while
running configure, to aid debugging if configure makes a mistake.

It was created by configure, which was
generated by GNU Autoconf 2.57.  Invocation command line was

  $ ./configure --prefix=/usr

## --------- ##
## Platform. ##
## --------- ##

hostname = Caracal
uname -m = i686
uname -r = 3.0.8-tp-8
uname -s = Linux
uname -v = #1 SMP PREEMPT Thu Nov 3 17:46:58 PDT 2011

/usr/bin/uname -p = unknown
/bin/uname -X     = unknown

/bin/arch              = unknown
/usr/bin/arch -k       = unknown
/usr/convex/getsysinfo = unknown
hostinfo               = unknown
/bin/machine           = unknown
/usr/bin/oslevel       = unknown
/bin/universe          = unknown

PATH: /home/idunham/bin
PATH: /mnt/mesa/bin
PATH: /home/idunham/bin
PATH: /opt/wxxm/bin
PATH: /usr/local/bin
PATH: /usr/bin
PATH: /bin
PATH: /usr/local/games
PATH: /usr/games
PATH: /opt/bin
PATH: /opt/zotero
PATH: /mnt/mesa/bin
PATH: /mnt/mesa/gcc42/bin


## ----------- ##
## Core tests. ##
## ----------- ##

configure:1557: checking whether to enable maintainer-specific portions of Makefiles
configure:1566: result: no
configure:1630: checking for a BSD-compatible install
configure:1684: result: /usr/bin/install -c
configure:1695: checking whether build environment is sane
configure:1738: result: yes
configure:1771: checking for gawk
configure:1787: found /usr/bin/gawk
configure:1797: result: gawk
configure:1807: checking whether make sets $(MAKE)
configure:1827: result: yes
configure:2041: checking for gcc
configure:2057: found /usr/bin/gcc
configure:2067: result: gcc
configure:2311: checking for C compiler version
configure:2314: gcc --version </dev/null >&5
gcc (Debian 4.4.5-8) 4.4.5
Copyright (C) 2010 Free Software Foundation, Inc.
This is free software; see the source for copying conditions.  There is NO
warranty; not even for MERCHANTABILITY or FITNESS FOR A PARTICULAR PURPOSE.

configure:2317: $? = 0
configure:2319: gcc -v </dev/null >&5
Using built-in specs.
Target: i486-linux-gnu
Configured with: ../src/configure -v --with-pkgversion='Debian 4.4.5-8' --with-bugurl=file:///usr/share/doc/gcc-4.4/README.Bugs --enable-languages=c,c++,fortran,objc,obj-c++ --prefix=/usr --program-suffix=-4.4 --enable-shared --enable-multiarch --enable-linker-build-id --with-system-zlib --libexecdir=/usr/lib --without-included-gettext --enable-threads=posix --with-gxx-include-dir=/usr/include/c++/4.4 --libdir=/usr/lib --enable-nls --enable-clocale=gnu --enable-libstdcxx-debug --enable-objc-gc --enable-targets=all --with-arch-32=i586 --with-tune=generic --enable-checking=release --build=i486-linux-gnu --host=i486-linux-gnu --target=i486-linux-gnu
Thread model: posix
gcc version 4.4.5 (Debian 4.4.5-8) 
configure:2322: $? = 0
configure:2324: gcc -V </dev/null >&5
gcc: '-V' option must have argument
configure:2327: $? = 1
configure:2351: checking for C compiler default output
configure:2354: gcc    conftest.c  >&5
configure:2357: $? = 0
configure:2403: result: a.out
configure:2408: checking whether the C compiler works
configure:2414: ./a.out
configure:2417: $? = 0
configure:2434: result: yes
configure:2441: checking whether we are cross compiling
configure:2443: result: no
configure:2446: checking for suffix of executables
configure:2448: gcc -o conftest    conftest.c  >&5
configure:2451: $? = 0
configure:2476: result: 
configure:2482: checking for suffix of object files
configure:2504: gcc -c   conftest.c >&5
configure:2507: $? = 0
configure:2529: result: o
configure:2533: checking whether we are using the GNU C compiler
configure:2558: gcc -c   conftest.c >&5
configure:2561: $? = 0
configure:2564: test -s conftest.o
configure:2567: $? = 0
configure:2580: result: yes
configure:2586: checking whether gcc accepts -g
configure:2608: gcc -c -g  conftest.c >&5
configure:2611: $? = 0
configure:2614: test -s conftest.o
configure:2617: $? = 0
configure:2628: result: yes
configure:2645: checking for gcc option to accept ANSI C
configure:2706: gcc  -c -g -O2  conftest.c >&5
configure:2709: $? = 0
configure:2712: test -s conftest.o
configure:2715: $? = 0
configure:2733: result: none needed
configure:2751: gcc -c -g -O2  conftest.c >&5
conftest.c:2: error: expected '=', ',', ';', 'asm' or '__attribute__' before 'me'
configure:2754: $? = 1
configure: failed program was:
| #ifndef __cplusplus
|   choke me
| #endif
configure:2874: checking for style of include used by make
configure:2902: result: GNU
configure:2930: checking dependency style of gcc
configure:3013: result: none
configure:3036: checking how to run the C preprocessor
configure:3072: gcc -E  conftest.c
configure:3078: $? = 0
configure:3110: gcc -E  conftest.c
configure:3111:28: error: ac_nonexistent.h: No such file or directory
configure:3116: $? = 1
configure: failed program was:
| #line 3101 "configure"
| /* confdefs.h.  */
| 
| #define PACKAGE_NAME ""
| #define PACKAGE_TARNAME ""
| #define PACKAGE_VERSION ""
| #define PACKAGE_STRING ""
| #define PACKAGE_BUGREPORT ""
| #define PACKAGE "Xlt"
| #define VERSION "13.0.13"
| /* end confdefs.h.  */
| #include <ac_nonexistent.h>
configure:3154: result: gcc -E
configure:3179: gcc -E  conftest.c
configure:3185: $? = 0
configure:3217: gcc -E  conftest.c
configure:3218:28: error: ac_nonexistent.h: No such file or directory
configure:3223: $? = 1
configure: failed program was:
| #line 3208 "configure"
| /* confdefs.h.  */
| 
| #define PACKAGE_NAME ""
| #define PACKAGE_TARNAME ""
| #define PACKAGE_VERSION ""
| #define PACKAGE_STRING ""
| #define PACKAGE_BUGREPORT ""
| #define PACKAGE "Xlt"
| #define VERSION "13.0.13"
| /* end confdefs.h.  */
| #include <ac_nonexistent.h>
configure:3266: checking for egrep
configure:3276: result: grep -E
configure:3282: checking for AIX
configure:3305: result: no
configure:3314: checking for gcc option to accept ANSI C
configure:3378: gcc  -c -g -O2  conftest.c >&5
configure:3381: $? = 0
configure:3384: test -s conftest.o
configure:3387: $? = 0
configure:3402: result: none needed
configure:3413: checking for ANSI C header files
configure:3439: gcc -c -g -O2  conftest.c >&5
configure:3442: $? = 0
configure:3445: test -s conftest.o
configure:3448: $? = 0
configure:3540: gcc -o conftest -g -O2   conftest.c  >&5
configure: In function 'main':
configure:3535: warning: incompatible implicit declaration of built-in function 'exit'
configure:3543: $? = 0
configure:3545: ./conftest
configure:3548: $? = 0
configure:3563: result: yes
configure:3578: checking how to run the C preprocessor
configure:3696: result: gcc -E
configure:3721: gcc -E  conftest.c
configure:3727: $? = 0
configure:3759: gcc -E  conftest.c
configure:3761:28: error: ac_nonexistent.h: No such file or directory
configure:3765: $? = 1
configure: failed program was:
| #line 3750 "configure"
| /* confdefs.h.  */
| 
| #define PACKAGE_NAME ""
| #define PACKAGE_TARNAME ""
| #define PACKAGE_VERSION ""
| #define PACKAGE_STRING ""
| #define PACKAGE_BUGREPORT ""
| #define PACKAGE "Xlt"
| #define VERSION "13.0.13"
| #define STDC_HEADERS 1
| /* end confdefs.h.  */
| #include <ac_nonexistent.h>
configure:3819: checking for a BSD-compatible install
configure:3873: result: /usr/bin/install -c
configure:3884: checking whether ln -s works
configure:3888: result: yes
configure:3949: checking build system type
configure:3967: result: i686-pc-linux-gnu
configure:3975: checking host system type
configure:3989: result: i686-pc-linux-gnu
configure:3997: checking for a sed that does not truncate output
configure:4051: result: /bin/sed
configure:4065: checking for ld used by gcc
configure:4132: result: /usr/bin/ld
configure:4141: checking if the linker (/usr/bin/ld) is GNU ld
configure:4156: result: yes
configure:4161: checking for /usr/bin/ld option to reload object files
configure:4168: result: -r
configure:4177: checking for BSD-compatible nm
configure:4219: result: /usr/bin/nm -B
configure:4223: checking how to recognise dependent libraries
configure:4423: result: pass_all
configure:4635: checking for sys/types.h
configure:4652: gcc -c -g -O2  conftest.c >&5
configure:4655: $? = 0
configure:4658: test -s conftest.o
configure:4661: $? = 0
configure:4672: result: yes
configure:4635: checking for sys/stat.h
configure:4652: gcc -c -g -O2  conftest.c >&5
configure:4655: $? = 0
configure:4658: test -s conftest.o
configure:4661: $? = 0
configure:4672: result: yes
configure:4635: checking for stdlib.h
configure:4652: gcc -c -g -O2  conftest.c >&5
configure:4655: $? = 0
configure:4658: test -s conftest.o
configure:4661: $? = 0
configure:4672: result: yes
configure:4635: checking for string.h
configure:4652: gcc -c -g -O2  conftest.c >&5
configure:4655: $? = 0
configure:4658: test -s conftest.o
configure:4661: $? = 0
configure:4672: result: yes
configure:4635: checking for memory.h
configure:4652: gcc -c -g -O2  conftest.c >&5
configure:4655: $? = 0
configure:4658: test -s conftest.o
configure:4661: $? = 0
configure:4672: result: yes
configure:4635: checking for strings.h
configure:4652: gcc -c -g -O2  conftest.c >&5
configure:4655: $? = 0
configure:4658: test -s conftest.o
configure:4661: $? = 0
configure:4672: result: yes
configure:4635: checking for inttypes.h
configure:4652: gcc -c -g -O2  conftest.c >&5
configure:4655: $? = 0
configure:4658: test -s conftest.o
configure:4661: $? = 0
configure:4672: result: yes
configure:4635: checking for stdint.h
configure:4652: gcc -c -g -O2  conftest.c >&5
configure:4655: $? = 0
configure:4658: test -s conftest.o
configure:4661: $? = 0
configure:4672: result: yes
configure:4635: checking for unistd.h
configure:4652: gcc -c -g -O2  conftest.c >&5
configure:4655: $? = 0
configure:4658: test -s conftest.o
configure:4661: $? = 0
configure:4672: result: yes
configure:4698: checking dlfcn.h usability
configure:4711: gcc -c -g -O2  conftest.c >&5
configure:4714: $? = 0
configure:4717: test -s conftest.o
configure:4720: $? = 0
configure:4730: result: yes
configure:4734: checking dlfcn.h presence
configure:4745: gcc -E  conftest.c
configure:4751: $? = 0
configure:4770: result: yes
configure:4806: checking for dlfcn.h
configure:4813: result: yes
configure:4878: checking for g++
configure:4894: found /usr/bin/g++
configure:4904: result: g++
configure:4920: checking for C++ compiler version
configure:4923: g++ --version </dev/null >&5
g++ (Debian 4.4.5-8) 4.4.5
Copyright (C) 2010 Free Software Foundation, Inc.
This is free software; see the source for copying conditions.  There is NO
warranty; not even for MERCHANTABILITY or FITNESS FOR A PARTICULAR PURPOSE.

configure:4926: $? = 0
configure:4928: g++ -v </dev/null >&5
Using built-in specs.
Target: i486-linux-gnu
Configured with: ../src/configure -v --with-pkgversion='Debian 4.4.5-8' --with-bugurl=file:///usr/share/doc/gcc-4.4/README.Bugs --enable-languages=c,c++,fortran,objc,obj-c++ --prefix=/usr --program-suffix=-4.4 --enable-shared --enable-multiarch --enable-linker-build-id --with-system-zlib --libexecdir=/usr/lib --without-included-gettext --enable-threads=posix --with-gxx-include-dir=/usr/include/c++/4.4 --libdir=/usr/lib --enable-nls --enable-clocale=gnu --enable-libstdcxx-debug --enable-objc-gc --enable-targets=all --with-arch-32=i586 --with-tune=generic --enable-checking=release --build=i486-linux-gnu --host=i486-linux-gnu --target=i486-linux-gnu
Thread model: posix
gcc version 4.4.5 (Debian 4.4.5-8) 
configure:4931: $? = 0
configure:4933: g++ -V </dev/null >&5
g++: '-V' option must have argument
configure:4936: $? = 1
configure:4939: checking whether we are using the GNU C++ compiler
configure:4964: g++ -c   conftest.cc >&5
configure:4967: $? = 0
configure:4970: test -s conftest.o
configure:4973: $? = 0
configure:4986: result: yes
configure:4992: checking whether g++ accepts -g
configure:5014: g++ -c -g  conftest.cc >&5
configure:5017: $? = 0
configure:5020: test -s conftest.o
configure:5023: $? = 0
configure:5034: result: yes
configure:5078: g++ -c -g -O2  conftest.cc >&5
configure:5081: $? = 0
configure:5084: test -s conftest.o
configure:5087: $? = 0
configure:5114: g++ -c -g -O2  conftest.cc >&5
configure: In function 'int main()':
configure:5122: error: 'exit' was not declared in this scope
configure:5117: $? = 1
configure: failed program was:
| #line 5097 "configure"
| /* confdefs.h.  */
| 
| #define PACKAGE_NAME ""
| #define PACKAGE_TARNAME ""
| #define PACKAGE_VERSION ""
| #define PACKAGE_STRING ""
| #define PACKAGE_BUGREPORT ""
| #define PACKAGE "Xlt"
| #define VERSION "13.0.13"
| #define STDC_HEADERS 1
| #define HAVE_SYS_TYPES_H 1
| #define HAVE_SYS_STAT_H 1
| #define HAVE_STDLIB_H 1
| #define HAVE_STRING_H 1
| #define HAVE_MEMORY_H 1
| #define HAVE_STRINGS_H 1
| #define HAVE_INTTYPES_H 1
| #define HAVE_STDINT_H 1
| #define HAVE_UNISTD_H 1
| #define HAVE_DLFCN_H 1
| /* end confdefs.h.  */
| 
| int
| main ()
| {
| exit (42);
|   ;
|   return 0;
| }
configure:5078: g++ -c -g -O2  conftest.cc >&5
configure:5081: $? = 0
configure:5084: test -s conftest.o
configure:5087: $? = 0
configure:5114: g++ -c -g -O2  conftest.cc >&5
configure:5117: $? = 0
configure:5120: test -s conftest.o
configure:5123: $? = 0
configure:5148: checking dependency style of g++
configure:5231: result: none
configure:5253: checking how to run the C++ preprocessor
configure:5285: g++ -E  conftest.cc
configure:5291: $? = 0
configure:5323: g++ -E  conftest.cc
configure:5338:28: error: ac_nonexistent.h: No such file or directory
configure:5329: $? = 1
configure: failed program was:
| #line 5314 "configure"
| /* confdefs.h.  */
| 
| #define PACKAGE_NAME ""
| #define PACKAGE_TARNAME ""
| #define PACKAGE_VERSION ""
| #define PACKAGE_STRING ""
| #define PACKAGE_BUGREPORT ""
| #define PACKAGE "Xlt"
| #define VERSION "13.0.13"
| #define STDC_HEADERS 1
| #define HAVE_SYS_TYPES_H 1
| #define HAVE_SYS_STAT_H 1
| #define HAVE_STDLIB_H 1
| #define HAVE_STRING_H 1
| #define HAVE_MEMORY_H 1
| #define HAVE_STRINGS_H 1
| #define HAVE_INTTYPES_H 1
| #define HAVE_STDINT_H 1
| #define HAVE_UNISTD_H 1
| #define HAVE_DLFCN_H 1
| #ifdef __cplusplus
| #include <stdlib.h>
| #endif
| /* end confdefs.h.  */
| #include <ac_nonexistent.h>
configure:5367: result: g++ -E
configure:5392: g++ -E  conftest.cc
configure:5398: $? = 0
configure:5430: g++ -E  conftest.cc
configure:5445:28: error: ac_nonexistent.h: No such file or directory
configure:5436: $? = 1
configure: failed program was:
| #line 5421 "configure"
| /* confdefs.h.  */
| 
| #define PACKAGE_NAME ""
| #define PACKAGE_TARNAME ""
| #define PACKAGE_VERSION ""
| #define PACKAGE_STRING ""
| #define PACKAGE_BUGREPORT ""
| #define PACKAGE "Xlt"
| #define VERSION "13.0.13"
| #define STDC_HEADERS 1
| #define HAVE_SYS_TYPES_H 1
| #define HAVE_SYS_STAT_H 1
| #define HAVE_STDLIB_H 1
| #define HAVE_STRING_H 1
| #define HAVE_MEMORY_H 1
| #define HAVE_STRINGS_H 1
| #define HAVE_INTTYPES_H 1
| #define HAVE_STDINT_H 1
| #define HAVE_UNISTD_H 1
| #define HAVE_DLFCN_H 1
| #ifdef __cplusplus
| #include <stdlib.h>
| #endif
| /* end confdefs.h.  */
| #include <ac_nonexistent.h>
configure:5530: checking for g77
configure:5559: result: no
configure:5530: checking for f77
configure:5559: result: no
configure:5530: checking for xlf
configure:5559: result: no
configure:5530: checking for frt
configure:5559: result: no
configure:5530: checking for pgf77
configure:5559: result: no
configure:5530: checking for fl32
configure:5559: result: no
configure:5530: checking for af77
configure:5559: result: no
configure:5530: checking for fort77
configure:5559: result: no
configure:5530: checking for f90
configure:5559: result: no
configure:5530: checking for xlf90
configure:5559: result: no
configure:5530: checking for pgf90
configure:5559: result: no
configure:5530: checking for epcf90
configure:5559: result: no
configure:5530: checking for f95
configure:5546: found /usr/bin/f95
configure:5556: result: f95
configure:5571: checking for Fortran 77 compiler version
configure:5574: f95 --version </dev/null >&5
GNU Fortran (Debian 4.4.5-8) 4.4.5
Copyright (C) 2010 Free Software Foundation, Inc.

GNU Fortran comes with NO WARRANTY, to the extent permitted by law.
You may redistribute copies of GNU Fortran
under the terms of the GNU General Public License.
For more information about these matters, see the file named COPYING

configure:5577: $? = 0
configure:5579: f95 -v </dev/null >&5
Using built-in specs.
Target: i486-linux-gnu
Configured with: ../src/configure -v --with-pkgversion='Debian 4.4.5-8' --with-bugurl=file:///usr/share/doc/gcc-4.4/README.Bugs --enable-languages=c,c++,fortran,objc,obj-c++ --prefix=/usr --program-suffix=-4.4 --enable-shared --enable-multiarch --enable-linker-build-id --with-system-zlib --libexecdir=/usr/lib --without-included-gettext --enable-threads=posix --with-gxx-include-dir=/usr/include/c++/4.4 --libdir=/usr/lib --enable-nls --enable-clocale=gnu --enable-libstdcxx-debug --enable-objc-gc --enable-targets=all --with-arch-32=i586 --with-tune=generic --enable-checking=release --build=i486-linux-gnu --host=i486-linux-gnu --target=i486-linux-gnu
Thread model: posix
gcc version 4.4.5 (Debian 4.4.5-8) 
configure:5582: $? = 0
configure:5584: f95 -V </dev/null >&5
f95: '-V' option must have argument
configure:5587: $? = 1
configure:5594: checking whether we are using the GNU Fortran 77 compiler
configure:5608: f95 -c  conftest.F >&5
configure:5611: $? = 0
configure:5614: test -s conftest.o
configure:5617: $? = 0
configure:5630: result: yes
configure:5637: checking whether f95 accepts -g
configure:5649: f95 -c -g conftest.f >&5
configure:5652: $? = 0
configure:5655: test -s conftest.o
configure:5658: $? = 0
configure:5670: result: yes
configure:5698: checking the maximum length of command line arguments
configure:5757: result: 32768
configure:5768: checking command to parse /usr/bin/nm -B output from gcc object
configure:5857: gcc -c -g -O2  conftest.c >&5
configure:5860: $? = 0
configure:5864: /usr/bin/nm -B conftest.o \| sed -n -e 's/^.*[ 	]\([ABCDGIRSTW][ABCDGIRSTW]*\)[ 	][ 	]*\(\)\([_A-Za-z][_A-Za-z0-9]*\)$/\1 \2\3 \3/p' \> conftest.nm
configure:5867: $? = 0
configure:5919: gcc -o conftest -g -O2   conftest.c conftstm.o >&5
configure:5922: $? = 0
configure:5960: result: ok
configure:5964: checking for objdir
configure:5979: result: .libs
configure:6069: checking for ar
configure:6085: found /usr/bin/ar
configure:6096: result: ar
configure:6149: checking for ranlib
configure:6165: found /usr/bin/ranlib
configure:6176: result: ranlib
configure:6229: checking for strip
configure:6245: found /usr/bin/strip
configure:6256: result: strip
configure:6518: checking if gcc static flag  works
configure:6541: result: yes
configure:6558: checking if gcc supports -fno-rtti -fno-exceptions
configure:6576: gcc -c -g -O2  -fno-rtti -fno-exceptions conftest.c >&5
cc1: warning: command line option "-fno-rtti" is valid for C++/ObjC++ but not for C
configure:6580: $? = 0
configure:6591: result: no
configure:6606: checking for gcc option to produce PIC
configure:6783: result: -fPIC
configure:6790: checking if gcc PIC flag -fPIC works
configure:6808: gcc -c -g -O2  -fPIC -DPIC conftest.c >&5
configure:6812: $? = 0
configure:6823: result: yes
configure:6847: checking if gcc supports -c -o file.o
configure:6875: gcc -c -g -O2  -o out/conftest2.o conftest.c >&5
configure:6879: $? = 0
configure:6896: result: yes
configure:6922: checking whether the gcc linker (/usr/bin/ld) supports shared libraries
configure:7741: result: yes
configure:7767: checking whether -lc should be explicitly linked in
configure:7772: gcc -c -g -O2  conftest.c >&5
configure:7775: $? = 0
configure:7789: gcc -shared conftest.o  -v -Wl,-soname -Wl,conftest -o conftest 2\>\&1 \| grep  -lc  \>/dev/null 2\>\&1
configure:7792: $? = 0
configure:7804: result: no
configure:7812: checking how to hardcode library paths into programs
configure:7837: result: immediate
configure:7851: checking whether stripping libraries is possible
configure:7856: result: yes
configure:7878: checking dynamic linker characteristics
configure:8413: result: GNU/Linux ld.so
configure:9139: checking if libtool supports shared libraries
configure:9141: result: yes
configure:9144: checking whether to build shared libraries
configure:9193: result: yes
configure:9196: checking whether to build static libraries
configure:9200: result: no
configure:9291: creating libtool
configure:9835: checking for ld used by g++
configure:9902: result: /usr/bin/ld
configure:9911: checking if the linker (/usr/bin/ld) is GNU ld
configure:9926: result: yes
configure:9977: checking whether the g++ linker (/usr/bin/ld) supports shared libraries
configure:10772: result: yes
configure:10790: g++ -c -g -O2  conftest.cc >&5
configure:10793: $? = 0
configure:10889: checking for g++ option to produce PIC
configure:11141: result: -fPIC
configure:11148: checking if g++ PIC flag -fPIC works
configure:11166: g++ -c -g -O2  -fPIC -DPIC conftest.cc >&5
configure:11170: $? = 0
configure:11181: result: yes
configure:11205: checking if g++ supports -c -o file.o
configure:11233: g++ -c -g -O2  -o out/conftest2.o conftest.cc >&5
configure:11237: $? = 0
configure:11254: result: yes
configure:11280: checking whether the g++ linker (/usr/bin/ld) supports shared libraries
configure:11305: result: yes
configure:11376: checking how to hardcode library paths into programs
configure:11401: result: immediate
configure:11415: checking whether stripping libraries is possible
configure:11420: result: yes
configure:11442: checking dynamic linker characteristics
configure:11977: result: GNU/Linux ld.so
configure:13176: checking if libtool supports shared libraries
configure:13178: result: yes
configure:13181: checking whether to build shared libraries
configure:13199: result: yes
configure:13202: checking whether to build static libraries
configure:13206: result: no
configure:13218: checking for f95 option to produce PIC
configure:13395: result: -fPIC
configure:13402: checking if f95 PIC flag -fPIC works
configure:13420: f95 -c -g -O2 -fPIC conftest.f >&5
configure:13424: $? = 0
configure:13435: result: yes
configure:13459: checking if f95 supports -c -o file.o
configure:13487: f95 -c -g -O2 -o out/conftest2.o conftest.f >&5
configure:13491: $? = 0
configure:13508: result: yes
configure:13534: checking whether the f95 linker (/usr/bin/ld) supports shared libraries
configure:14331: result: yes
configure:14402: checking how to hardcode library paths into programs
configure:14427: result: immediate
configure:14441: checking whether stripping libraries is possible
configure:14446: result: yes
configure:14468: checking dynamic linker characteristics
configure:15003: result: GNU/Linux ld.so
configure:18940: checking whether make sets $(MAKE)
configure:18960: result: yes
configure:18969: checking for X
configure:19075: gcc -E  conftest.c
configure:19081: $? = 0
configure:19131: gcc -o conftest -g -O2   conftest.c -lXt  >&5
configure:19134: $? = 0
configure:19137: test -s conftest
configure:19140: $? = 0
configure:19189: result: libraries , headers 
configure:19342: gcc -o conftest -g -O2   conftest.c   -lX11 >&5
configure:19345: $? = 0
configure:19348: test -s conftest
configure:19351: $? = 0
configure:19488: checking for gethostbyname
configure:19538: gcc -o conftest -g -O2   conftest.c  >&5
configure:19541: $? = 0
configure:19544: test -s conftest
configure:19547: $? = 0
configure:19558: result: yes
configure:19689: checking for connect
configure:19739: gcc -o conftest -g -O2   conftest.c  >&5
configure:19742: $? = 0
configure:19745: test -s conftest
configure:19748: $? = 0
configure:19759: result: yes
configure:19824: checking for remove
configure:19874: gcc -o conftest -g -O2   conftest.c  >&5
configure:19877: $? = 0
configure:19880: test -s conftest
configure:19883: $? = 0
configure:19894: result: yes
configure:19959: checking for shmat
configure:20009: gcc -o conftest -g -O2   conftest.c  >&5
configure:20012: $? = 0
configure:20015: test -s conftest
configure:20018: $? = 0
configure:20029: result: yes
configure:20103: checking for IceConnectionNumber in -lICE
configure:20134: gcc -o conftest -g -O2   conftest.c -lICE   >&5
configure:20137: $? = 0
configure:20140: test -s conftest
configure:20143: $? = 0
configure:20155: result: yes
configure:20181: checking netdb.h usability
configure:20194: gcc -c -g -O2  conftest.c >&5
configure:20197: $? = 0
configure:20200: test -s conftest.o
configure:20203: $? = 0
configure:20213: result: yes
configure:20217: checking netdb.h presence
configure:20228: gcc -E  conftest.c
configure:20234: $? = 0
configure:20253: result: yes
configure:20289: checking for netdb.h
configure:20296: result: yes
configure:20181: checking netinet/in.h usability
configure:20194: gcc -c -g -O2  conftest.c >&5
configure:20197: $? = 0
configure:20200: test -s conftest.o
configure:20203: $? = 0
configure:20213: result: yes
configure:20217: checking netinet/in.h presence
configure:20228: gcc -E  conftest.c
configure:20234: $? = 0
configure:20253: result: yes
configure:20289: checking for netinet/in.h
configure:20296: result: yes
configure:20326: checking sys/select.h usability
configure:20339: gcc -c -g -O2  conftest.c >&5
configure:20342: $? = 0
configure:20345: test -s conftest.o
configure:20348: $? = 0
configure:20358: result: yes
configure:20362: checking sys/select.h presence
configure:20373: gcc -E  conftest.c
configure:20379: $? = 0
configure:20398: result: yes
configure:20434: checking for sys/select.h
configure:20441: result: yes
configure:20326: checking sys/socket.h usability
configure:20339: gcc -c -g -O2  conftest.c >&5
configure:20342: $? = 0
configure:20345: test -s conftest.o
configure:20348: $? = 0
configure:20358: result: yes
configure:20362: checking sys/socket.h presence
configure:20373: gcc -E  conftest.c
configure:20379: $? = 0
configure:20398: result: yes
configure:20434: checking for sys/socket.h
configure:20441: result: yes
configure:20326: checking sys/time.h usability
configure:20339: gcc -c -g -O2  conftest.c >&5
configure:20342: $? = 0
configure:20345: test -s conftest.o
configure:20348: $? = 0
configure:20358: result: yes
configure:20362: checking sys/time.h presence
configure:20373: gcc -E  conftest.c
configure:20379: $? = 0
configure:20398: result: yes
configure:20434: checking for sys/time.h
configure:20441: result: yes
configure:20317: checking for sys/types.h
configure:20322: result: yes
configure:20459: checking for unistd.h
configure:20464: result: yes
configure:20603: checking for sys/select.h
configure:20608: result: yes
configure:20603: checking for sys/socket.h
configure:20608: result: yes
configure:20740: checking types of arguments for select
configure:20774: gcc -c -g -O2  conftest.c >&5
configure:20777: $? = 0
configure:20780: test -s conftest.o
configure:20783: $? = 0
configure:20799: result: int,fd_set *,struct timeval *
configure:20834: checking for access
configure:20884: gcc -o conftest -g -O2   conftest.c  >&5
configure:20887: $? = 0
configure:20890: test -s conftest
configure:20893: $? = 0
configure:20904: result: yes
configure:20834: checking for bind
configure:20884: gcc -o conftest -g -O2   conftest.c  >&5
configure:20887: $? = 0
configure:20890: test -s conftest
configure:20893: $? = 0
configure:20904: result: yes
configure:20834: checking for close
configure:20884: gcc -o conftest -g -O2   conftest.c  >&5
configure:20887: $? = 0
configure:20890: test -s conftest
configure:20893: $? = 0
configure:20904: result: yes
configure:20834: checking for drand48
configure:20884: gcc -o conftest -g -O2   conftest.c  >&5
configure:20887: $? = 0
configure:20890: test -s conftest
configure:20893: $? = 0
configure:20904: result: yes
configure:20834: checking for dup2
configure:20884: gcc -o conftest -g -O2   conftest.c  >&5
configure:20887: $? = 0
configure:20890: test -s conftest
configure:20893: $? = 0
configure:20904: result: yes
configure:20834: checking for execlp
configure:20884: gcc -o conftest -g -O2   conftest.c  >&5
configure:20896: warning: conflicting types for built-in function 'execlp'
configure:20887: $? = 0
configure:20890: test -s conftest
configure:20893: $? = 0
configure:20904: result: yes
configure:20834: checking for _exit
configure:20884: gcc -o conftest -g -O2   conftest.c  >&5
configure:20897: warning: conflicting types for built-in function '_exit'
configure:20887: $? = 0
configure:20890: test -s conftest
configure:20893: $? = 0
configure:20904: result: yes
configure:20834: checking for fork
configure:20884: gcc -o conftest -g -O2   conftest.c  >&5
configure:20898: warning: conflicting types for built-in function 'fork'
configure:20887: $? = 0
configure:20890: test -s conftest
configure:20893: $? = 0
configure:20904: result: yes
configure:20925: checking for listen
configure:20975: gcc -o conftest -g -O2   conftest.c  >&5
configure:20978: $? = 0
configure:20981: test -s conftest
configure:20984: $? = 0
configure:20995: result: yes
configure:20925: checking for pipe
configure:20975: gcc -o conftest -g -O2   conftest.c  >&5
configure:20978: $? = 0
configure:20981: test -s conftest
configure:20984: $? = 0
configure:20995: result: yes
configure:20925: checking for popen
configure:20975: gcc -o conftest -g -O2   conftest.c  >&5
configure:20978: $? = 0
configure:20981: test -s conftest
configure:20984: $? = 0
configure:20995: result: yes
configure:20925: checking for putenv
configure:20975: gcc -o conftest -g -O2   conftest.c  >&5
configure:20978: $? = 0
configure:20981: test -s conftest
configure:20984: $? = 0
configure:20995: result: yes
configure:20925: checking for read
configure:20975: gcc -o conftest -g -O2   conftest.c  >&5
configure:20978: $? = 0
configure:20981: test -s conftest
configure:20984: $? = 0
configure:20995: result: yes
configure:20925: checking for socket
configure:20975: gcc -o conftest -g -O2   conftest.c  >&5
configure:20978: $? = 0
configure:20981: test -s conftest
configure:20984: $? = 0
configure:20995: result: yes
configure:20925: checking for srand48
configure:20975: gcc -o conftest -g -O2   conftest.c  >&5
configure:20978: $? = 0
configure:20981: test -s conftest
configure:20984: $? = 0
configure:20995: result: yes
configure:20925: checking for vfprintf
configure:20975: gcc -o conftest -g -O2   conftest.c  >&5
configure:20997: warning: conflicting types for built-in function 'vfprintf'
configure:20978: $? = 0
configure:20981: test -s conftest
configure:20984: $? = 0
configure:20995: result: yes
configure:21007: checking for sin within libm
configure:21035: gcc -o conftest -g -O2   conftest.c  -lm >&5
configure:21038: $? = 0
configure:21041: test -s conftest
configure:21044: $? = 0
configure:21056: result: yes
configure:21061: checking whether libXp is available
configure:21100: gcc -o conftest  -g -O2    conftest.c  -lXp -lXext -lXt  -lSM -lICE -lX11   -lm >&5
configure: In function 'main':
configure:21137: warning: incompatible implicit declaration of built-in function 'exit'
configure:21103: $? = 0
configure:21106: test -s conftest
configure:21109: $? = 0
configure:21121: result: yes
configure:21171: checking for Motif
configure:21211: gcc -c -g -O2   conftest.c >&5
configure:21214: $? = 0
configure:21217: test -s conftest.o
configure:21220: $? = 0
configure:21302: gcc -o conftest -g -O2     conftest.c  -lSM -lICE -lXm -lXt -lX11   -lm >&5
configure:21305: $? = 0
configure:21308: test -s conftest
configure:21311: $? = 0
configure:21369: checking whether libXp is available
configure:21429: result: yes
configure:21496: result: libraries in default path, headers in default path
configure:21527: checking Xm/XpmP.h usability
configure:21540: gcc -c -g -O2    conftest.c >&5
configure:21543: $? = 0
configure:21546: test -s conftest.o
configure:21549: $? = 0
configure:21559: result: yes
configure:21563: checking Xm/XpmP.h presence
configure:21574: gcc -E    conftest.c
configure:21580: $? = 0
configure:21599: result: yes
configure:21635: checking for Xm/XpmP.h
configure:21642: result: yes
configure:21662: checking Whether XpmP.h defines XpmCreatePixmapFromData
configure:21688: result: yes
configure:22347: checking whether gethostbyname() is available
configure:22381: gcc -o conftest  -g -O2    conftest.c  >&5
configure:22384: $? = 0
configure:22387: test -s conftest
configure:22390: $? = 0
configure:22405: result: yes
configure:22416: checking whether getservbyname() is available
configure:22451: gcc -o conftest  -g -O2    conftest.c  >&5
configure:22454: $? = 0
configure:22457: test -s conftest
configure:22460: $? = 0
configure:22475: result: yes
configure:22487: checking if malloc debugging is wanted
configure:22557: result: no
configure:22578: checking for ctags
configure:22605: result: no
configure:22795: creating ./config.status

## ---------------------- ##
## Running config.status. ##
## ---------------------- ##

This file was extended by config.status, which was
generated by GNU Autoconf 2.57.  Invocation command line was

  CONFIG_FILES    = 
  CONFIG_HEADERS  = 
  CONFIG_LINKS    = 
  CONFIG_COMMANDS = 
  $ ./config.status 

on Caracal

config.status:779: creating Makefile
config.status:779: creating scripts/Xlt.spec
config.status:779: creating doc/Makefile
config.status:779: creating doc/Strokes.3
config.status:779: creating doc/StrokeInstall.3
config.status:779: creating doc/Xlt.3
config.status:779: creating doc/XltAnimatedButton.3
config.status:779: creating doc/XltAppShell.3
config.status:779: creating doc/XltAppInitialize.3
config.status:779: creating doc/XltBubbleButton.3
config.status:779: creating doc/XltCheckArgSize.3
config.status:779: creating doc/XltCreateAnimatedButton.3
config.status:779: creating doc/XltCreateBubbleButton.3
config.status:779: creating doc/XltCreateFilePicker.3
config.status:779: creating doc/XltCreateHost.3
config.status:779: creating doc/XltCreateNumEntry.3
config.status:779: creating doc/XltDisplayOptions.3
config.status:779: creating doc/XltDisplayFallbackResources.3
config.status:779: creating doc/XltEntrySB.3
config.status:779: creating doc/XltFilePicker.3
config.status:779: creating doc/XltFilePickerGetChild.3
config.status:779: creating doc/XltFilePickerSetString.3
config.status:779: creating doc/XltFilePickerGetString.3
config.status:779: creating doc/XltFontChooser.3
config.status:779: creating doc/XltGetValues.3
config.status:779: creating doc/XltHost.3
config.status:779: creating doc/XltHostSelect.3
config.status:779: creating doc/XltHostSendData.3
config.status:779: creating doc/XltHostSendString.3
config.status:779: creating doc/XltHostCreateTranscript.3
config.status:779: creating doc/XltHostDiscardOutput.3
config.status:779: creating doc/XltNumEntry.3
config.status:779: creating doc/XltNumEntryGetChild.3
config.status:779: creating doc/XltRedirectStdErr.3
config.status:779: creating doc/XltSelectionBox.3
config.status:779: creating doc/XltSelectDebugLevel.3
config.status:779: creating doc/XltSetClientIcon.3
config.status:779: creating doc/XltSetValues.3
config.status:779: creating doc/XltSlideContext.3
config.status:779: creating doc/XltToolBarAddItem.3
config.status:779: creating doc/XltToolBarConfigure.3
config.status:779: creating doc/XltWaitTillMapped.3
config.status:779: creating doc/XltWorking.3
config.status:779: creating doc/XltYesNo.3
config.status:779: creating doc/XltRdbPutString.3
config.status:779: creating doc/XltAppAddTimeOut.3
config.status:779: creating lib/Makefile
config.status:779: creating tests/Makefile
config.status:779: creating tests/AnimatedButton/Makefile
config.status:779: creating tests/AppShell/Makefile
config.status:779: creating tests/BubbleButton/Makefile
config.status:779: creating tests/EntrySB/Makefile
config.status:779: creating tests/FilePicker/Makefile
config.status:779: creating tests/FontChooser/Makefile
config.status:779: creating tests/Host/Makefile
config.status:779: creating tests/ListTree/Makefile
config.status:779: creating tests/NodeButton/Makefile
config.status:779: creating tests/NumEntry/Makefile
config.status:779: creating tests/SciPlot/Makefile
config.status:779: creating tests/SelectionBox/Makefile
config.status:779: creating tests/Slide/Makefile
config.status:779: creating tests/Strokes/Makefile
config.status:779: creating tests/ToolBar/Makefile
config.status:779: creating tests/WaitTillMapped/Makefile
config.status:779: creating tests/YesNo/Makefile
config.status:779: creating tests/Rdb/Makefile
config.status:779: creating tests/LiteClue/Makefile
config.status:779: creating scripts/Makefile
config.status:883: creating config.h
config.status:1078: config.h is unchanged
config.status:1200: executing depfiles commands

## ---------------- ##
## Cache variables. ##
## ---------------- ##

ac_cv_build=i686-pc-linux-gnu
ac_cv_build_alias=i686-pc-linux-gnu
ac_cv_c_compiler_gnu=yes
ac_cv_cxx_compiler_gnu=yes
ac_cv_env_CC_set=
ac_cv_env_CC_value=
ac_cv_env_CFLAGS_set=
ac_cv_env_CFLAGS_value=
ac_cv_env_CPPFLAGS_set=
ac_cv_env_CPPFLAGS_value=
ac_cv_env_CPP_set=
ac_cv_env_CPP_value=
ac_cv_env_CXXCPP_set=
ac_cv_env_CXXCPP_value=
ac_cv_env_CXXFLAGS_set=
ac_cv_env_CXXFLAGS_value=
ac_cv_env_CXX_set=
ac_cv_env_CXX_value=
ac_cv_env_F77_set=
ac_cv_env_F77_value=
ac_cv_env_FFLAGS_set=
ac_cv_env_FFLAGS_value=
ac_cv_env_LDFLAGS_set=
ac_cv_env_LDFLAGS_value=
ac_cv_env_build_alias_set=
ac_cv_env_build_alias_value=
ac_cv_env_host_alias_set=
ac_cv_env_host_alias_value=
ac_cv_env_target_alias_set=
ac_cv_env_target_alias_value=
ac_cv_exeext=
ac_cv_f77_compiler_gnu=yes
ac_cv_func__exit=yes
ac_cv_func_access=yes
ac_cv_func_bind=yes
ac_cv_func_close=yes
ac_cv_func_connect=yes
ac_cv_func_drand48=yes
ac_cv_func_dup2=yes
ac_cv_func_execlp=yes
ac_cv_func_fork=yes
ac_cv_func_gethostbyname=yes
ac_cv_func_listen=yes
ac_cv_func_pipe=yes
ac_cv_func_popen=yes
ac_cv_func_putenv=yes
ac_cv_func_read=yes
ac_cv_func_remove=yes
ac_cv_func_select_args='int,fd_set *,struct timeval *'
ac_cv_func_shmat=yes
ac_cv_func_socket=yes
ac_cv_func_srand48=yes
ac_cv_func_vfprintf=yes
ac_cv_have_x='have_x=yes 		ac_x_includes= ac_x_libraries='
ac_cv_header_Xm_XpmP_h=yes
ac_cv_header_dlfcn_h=yes
ac_cv_header_inttypes_h=yes
ac_cv_header_memory_h=yes
ac_cv_header_netdb_h=yes
ac_cv_header_netinet_in_h=yes
ac_cv_header_stdc=yes
ac_cv_header_stdint_h=yes
ac_cv_header_stdlib_h=yes
ac_cv_header_string_h=yes
ac_cv_header_strings_h=yes
ac_cv_header_sys_select_h=yes
ac_cv_header_sys_socket_h=yes
ac_cv_header_sys_stat_h=yes
ac_cv_header_sys_time_h=yes
ac_cv_header_sys_types_h=yes
ac_cv_header_unistd_h=yes
ac_cv_host=i686-pc-linux-gnu
ac_cv_host_alias=i686-pc-linux-gnu
ac_cv_lib_ICE_IceConnectionNumber=yes
ac_cv_motif_includes=
ac_cv_motif_libraries=
ac_cv_objext=o
ac_cv_path_install='/usr/bin/install -c'
ac_cv_prog_AWK=gawk
ac_cv_prog_CPP='gcc -E'
ac_cv_prog_CXXCPP='g++ -E'
ac_cv_prog_ac_ct_AR=ar
ac_cv_prog_ac_ct_CC=gcc
ac_cv_prog_ac_ct_CXX=g++
ac_cv_prog_ac_ct_F77=f95
ac_cv_prog_ac_ct_RANLIB=ranlib
ac_cv_prog_ac_ct_STRIP=strip
ac_cv_prog_ac_have_ctags=no
ac_cv_prog_cc_g=yes
ac_cv_prog_cc_stdc=
ac_cv_prog_cxx_g=yes
ac_cv_prog_egrep='grep -E'
ac_cv_prog_f77_g=yes
ac_cv_prog_make_make_set=yes
am_cv_CC_dependencies_compiler_type=none
am_cv_CXX_dependencies_compiler_type=none
am_cv_prog_cc_stdc=
lt_cv_deplibs_check_method=pass_all
lt_cv_file_magic_cmd='$MAGIC_CMD'
lt_cv_file_magic_test_file='/lib/libc.so.6 /lib/libc-2.11.2.so'
lt_cv_gethostbyname=yes
lt_cv_getservbyname=yes
lt_cv_ld_reload_flag=-r
lt_cv_libm=yes
lt_cv_libxp=yes
lt_cv_objdir=.libs
lt_cv_path_LD=/usr/bin/ld
lt_cv_path_LDCXX=/usr/bin/ld
lt_cv_path_NM='/usr/bin/nm -B'
lt_cv_path_SED=/bin/sed
lt_cv_prog_compiler_c_o=yes
lt_cv_prog_compiler_c_o_CXX=yes
lt_cv_prog_compiler_c_o_F77=yes
lt_cv_prog_compiler_rtti_exceptions=no
lt_cv_prog_gnu_ld=yes
lt_cv_prog_gnu_ldcxx=yes
lt_cv_sys_global_symbol_pipe='sed -n -e '\''s/^.*[ 	]\([ABCDGIRSTW][ABCDGIRSTW]*\)[ 	][ 	]*\(\)\([_A-Za-z][_A-Za-z0-9]*\)$/\1 \2\3 \3/p'\'''
lt_cv_sys_global_symbol_to_c_name_address='sed -n -e '\''s/^: \([^ ]*\) $/  {\"\1\", (lt_ptr) 0},/p'\'' -e '\''s/^[BCDEGRST] \([^ ]*\) \([^ ]*\)$/  {"\2", (lt_ptr) \&\2},/p'\'''
lt_cv_sys_global_symbol_to_cdecl='sed -n -e '\''s/^. .* \(.*\)$/extern int \1;/p'\'''
lt_cv_sys_max_cmd_len=32768
lt_lt_cv_prog_compiler_c_o='"yes"'
lt_lt_cv_prog_compiler_c_o_CXX='"yes"'
lt_lt_cv_prog_compiler_c_o_F77='"yes"'
lt_lt_cv_sys_global_symbol_pipe='"sed -n -e '\''s/^.*[ 	]\\([ABCDGIRSTW][ABCDGIRSTW]*\\)[ 	][ 	]*\\(\\)\\([_A-Za-z][_A-Za-z0-9]*\\)\$/\\1 \\2\\3 \\3/p'\''"'
lt_lt_cv_sys_global_symbol_to_c_name_address='"sed -n -e '\''s/^: \\([^ ]*\\) \$/  {\\\"\\1\\\", (lt_ptr) 0},/p'\'' -e '\''s/^[BCDEGRST] \\([^ ]*\\) \\([^ ]*\\)\$/  {\"\\2\", (lt_ptr) \\&\\2},/p'\''"'
lt_lt_cv_sys_global_symbol_to_cdecl='"sed -n -e '\''s/^. .* \\(.*\\)\$/extern int \\1;/p'\''"'

## ----------------- ##
## Output variables. ##
## ----------------- ##

ACLOCAL='${SHELL} /mnt/mesa/src/xm/dtextra/Xlt-13.0.13/missing --run aclocal-1.7'
ACLOCALDIR='/usr/share/aclocal'
AGE='13'
AMDEPBACKSLASH='\'
AMDEP_FALSE='#'
AMDEP_TRUE=''
AMTAR='${SHELL} /mnt/mesa/src/xm/dtextra/Xlt-13.0.13/missing --run tar'
AR='ar'
AS='as'
AUTOCONF='${SHELL} /mnt/mesa/src/xm/dtextra/Xlt-13.0.13/missing --run autoconf'
AUTOHEADER='${SHELL} /mnt/mesa/src/xm/dtextra/Xlt-13.0.13/missing --run autoheader'
AUTOMAKE='${SHELL} /mnt/mesa/src/xm/dtextra/Xlt-13.0.13/missing --run automake-1.7'
AWK='gawk'
Aclocal_FALSE='#'
Aclocal_TRUE=''
CC='gcc'
CCDEPMODE='depmode=none'
CFLAGS='-g -O2 -Wall'
CONFIGURE_SRC='configure.in'
CPP='gcc -E'
CPPFLAGS=''
CURRENT='13'
CXX='g++'
CXXCPP='g++ -E'
CXXDEPMODE='depmode=none'
CXXFLAGS='-g -O2'
CYGPATH_W='echo'
DEFS='-DHAVE_CONFIG_H'
DEPDIR='.deps'
DLLTOOL='dlltool'
ECHO='echo'
ECHO_C=''
ECHO_N='-n'
ECHO_T=''
EGREP='grep -E'
EXEEXT=''
F77='f95'
FFLAGS='-g -O2'
Have_Exctags_FALSE=''
Have_Exctags_TRUE='#'
Have_Libxp_FALSE='#'
Have_Libxp_TRUE=''
INSTALL_DATA='${INSTALL} -m 644'
INSTALL_PROGRAM='${INSTALL}'
INSTALL_SCRIPT='${INSTALL}'
INSTALL_STRIP_PROGRAM='${SHELL} $(install_sh) -c -s'
LDFLAGS=''
LIBOBJS=''
LIBS=' -lm'
LIBTOOL='$(SHELL) $(top_builddir)/libtool'
LN_S='ln -s'
LTLIBOBJS=''
LT_HAVE_XP='yes'
MAINT='#'
MAINTAINER_MODE_FALSE=''
MAINTAINER_MODE_TRUE='#'
MAKEINFO='${SHELL} /mnt/mesa/src/xm/dtextra/Xlt-13.0.13/missing --run makeinfo'
MOTIF_CFLAGS=''
MOTIF_LDADD='$(link_motif)'
MOTIF_LIBADD='$(link_motif) $(X_LIBS) -lXt $(X_PRE_LIBS) $(XPM_LIBS) -lX11 $(X_EXTRA_LIBS)'
MOTIF_LIBS='-lXm -lXp -lXext'
MRM_LDADD='$(MOTIF_LDFLAGS) -lMrm'
NEXT_AGE='14'
NEXT_CURRENT='14'
NEXT_REVISION='1'
OBJDUMP='objdump'
OBJEXT='o'
PACKAGE='Xlt'
PACKAGE_BUGREPORT=''
PACKAGE_NAME=''
PACKAGE_STRING=''
PACKAGE_TARNAME=''
PACKAGE_VERSION=''
PATH_SEPARATOR=':'
RANLIB='ranlib'
REVISION='0'
SET_MAKE=''
SHELL='/bin/sh'
STRIP='strip'
VERSION='13.0.13'
XPM_CFLAGS=''
XPM_LIBS=''
X_CFLAGS=''
X_EXTRA_LIBS=''
X_LIBS=''
X_PRE_LIBS=' -lSM -lICE'
ac_ct_AR='ar'
ac_ct_CC='gcc'
ac_ct_CXX='g++'
ac_ct_F77='f95'
ac_ct_RANLIB='ranlib'
ac_ct_STRIP='strip'
ac_have_ctags='no'
am__fastdepCC_FALSE=''
am__fastdepCC_TRUE='#'
am__fastdepCXX_FALSE=''
am__fastdepCXX_TRUE='#'
am__include='include'
am__leading_dot='.'
am__quote=''
bindir='${exec_prefix}/bin'
build='i686-pc-linux-gnu'
build_alias=''
build_cpu='i686'
build_os='linux-gnu'
build_vendor='pc'
datadir='${prefix}/share'
exec_prefix='${prefix}'
host='i686-pc-linux-gnu'
host_alias=''
host_cpu='i686'
host_os='linux-gnu'
host_vendor='pc'
include_motif=''
includedir='${prefix}/include'
infodir='${prefix}/info'
install_sh='/mnt/mesa/src/xm/dtextra/Xlt-13.0.13/install-sh'
libdir='${exec_prefix}/lib'
libexecdir='${exec_prefix}/libexec'
link_motif='-lXm -lXp -lXext'
localstatedir='${prefix}/var'
mandir='${prefix}/man'
oldincludedir='/usr/include'
prefix='/usr'
program_transform_name='s,x,x,'
sbindir='${exec_prefix}/sbin'
sharedstatedir='${prefix}/com'
sysconfdir='${prefix}/etc'
target_alias=''

## ----------- ##
## confdefs.h. ##
## ----------- ##

#define HAVE_ACCESS 1
#define HAVE_BIND 1
#define HAVE_CLOSE 1
#define HAVE_DLFCN_H 1
#define HAVE_DRAND48 1
#define HAVE_DUP2 1
#define HAVE_EXECLP 1
#define HAVE_FORK 1
#define HAVE_GETHOSTBYNAME
#define HAVE_GETSERVBYNAME
#define HAVE_INTTYPES_H 1
#define HAVE_LIB_XP 1
#define HAVE_LIB_XP 1
#define HAVE_LISTEN 1
#define HAVE_MEMORY_H 1
#define HAVE_MOTIF 1
#define HAVE_NETDB_H 1
#define HAVE_NETINET_IN_H 1
#define HAVE_PIPE 1
#define HAVE_POPEN 1
#define HAVE_PUTENV 1
#define HAVE_READ 1
#define HAVE_SOCKET 1
#define HAVE_SRAND48 1
#define HAVE_STDINT_H 1
#define HAVE_STDLIB_H 1
#define HAVE_STRINGS_H 1
#define HAVE_STRING_H 1
#define HAVE_SYS_SELECT_H 1
#define HAVE_SYS_SELECT_H 1
#define HAVE_SYS_SOCKET_H 1
#define HAVE_SYS_SOCKET_H 1
#define HAVE_SYS_STAT_H 1
#define HAVE_SYS_TIME_H 1
#define HAVE_SYS_TYPES_H 1
#define HAVE_SYS_TYPES_H 1
#define HAVE_UNISTD_H 1
#define HAVE_UNISTD_H 1
#define HAVE_VFPRINTF 1
#define HAVE_XM_XPMP_H 1
#define HAVE_XPM
#define HAVE__EXIT 1
#define PACKAGE "Xlt"
#define PACKAGE_BUGREPORT ""
#define PACKAGE_NAME ""
#define PACKAGE_STRING ""
#define PACKAGE_TARNAME ""
#define PACKAGE_VERSION ""
#define SCIPLOT_WITH_MOTIF
#define SELECT_TYPE_ARG1 int
#define SELECT_TYPE_ARG234 (fd_set *)
#define SELECT_TYPE_ARG5 (struct timeval *)
#define STDC_HEADERS 1
#define VERSION "13.0.13"
#endif
#ifdef __cplusplus
#include <stdlib.h>

configure: exit 0
