This file contains any messages produced by compilers while
running configure, to aid debugging if configure makes a mistake.

It was created by configure, which was
generated by GNU Autoconf 2.67.  Invocation command line was

  $ ./configure --prefix=/usr

## --------- ##
## Platform. ##
## --------- ##

hostname = Caracal
uname -m = i686
uname -r = 3.0.8-tp-8
uname -s = Linux
uname -v = #1 SMP PREEMPT Thu Nov 3 17:46:58 PDT 2011

/usr/bin/uname -p = unknown
/bin/uname -X     = unknown

/bin/arch              = unknown
/usr/bin/arch -k       = unknown
/usr/convex/getsysinfo = unknown
/usr/bin/hostinfo      = unknown
/bin/machine           = unknown
/usr/bin/oslevel       = unknown
/bin/universe          = unknown

PATH: /home/idunham/bin
PATH: /mnt/mesa/bin
PATH: /home/idunham/bin
PATH: /opt/wxxm/bin
PATH: /usr/local/bin
PATH: /usr/bin
PATH: /bin
PATH: /usr/local/games
PATH: /usr/games
PATH: /opt/bin
PATH: /opt/zotero
PATH: /mnt/mesa/bin
PATH: /mnt/mesa/gcc42/bin


## ----------- ##
## Core tests. ##
## ----------- ##

configure:2260: checking for a BSD-compatible install
configure:2328: result: /usr/bin/install -c
configure:2339: checking whether build environment is sane
configure:2389: result: yes
configure:2530: checking for a thread-safe mkdir -p
configure:2569: result: /bin/mkdir -p
configure:2582: checking for gawk
configure:2598: found /usr/bin/gawk
configure:2609: result: gawk
configure:2620: checking whether make sets $(MAKE)
configure:2642: result: yes
configure:2777: checking for gcc
configure:2793: found /usr/bin/gcc
configure:2804: result: gcc
configure:3033: checking for C compiler version
configure:3042: gcc --version >&5
gcc (Debian 4.4.5-8) 4.4.5
Copyright (C) 2010 Free Software Foundation, Inc.
This is free software; see the source for copying conditions.  There is NO
warranty; not even for MERCHANTABILITY or FITNESS FOR A PARTICULAR PURPOSE.

configure:3053: $? = 0
configure:3042: gcc -v >&5
Using built-in specs.
Target: i486-linux-gnu
Configured with: ../src/configure -v --with-pkgversion='Debian 4.4.5-8' --with-bugurl=file:///usr/share/doc/gcc-4.4/README.Bugs --enable-languages=c,c++,fortran,objc,obj-c++ --prefix=/usr --program-suffix=-4.4 --enable-shared --enable-multiarch --enable-linker-build-id --with-system-zlib --libexecdir=/usr/lib --without-included-gettext --enable-threads=posix --with-gxx-include-dir=/usr/include/c++/4.4 --libdir=/usr/lib --enable-nls --enable-clocale=gnu --enable-libstdcxx-debug --enable-objc-gc --enable-targets=all --with-arch-32=i586 --with-tune=generic --enable-checking=release --build=i486-linux-gnu --host=i486-linux-gnu --target=i486-linux-gnu
Thread model: posix
gcc version 4.4.5 (Debian 4.4.5-8) 
configure:3053: $? = 0
configure:3042: gcc -V >&5
gcc: '-V' option must have argument
configure:3053: $? = 1
configure:3042: gcc -qversion >&5
gcc: unrecognized option '-qversion'
gcc: no input files
configure:3053: $? = 1
configure:3073: checking whether the C compiler works
configure:3095: gcc    conftest.c  >&5
configure:3099: $? = 0
configure:3147: result: yes
configure:3150: checking for C compiler default output file name
configure:3152: result: a.out
configure:3158: checking for suffix of executables
configure:3165: gcc -o conftest    conftest.c  >&5
configure:3169: $? = 0
configure:3191: result: 
configure:3213: checking whether we are cross compiling
configure:3221: gcc -o conftest    conftest.c  >&5
configure:3225: $? = 0
configure:3232: ./conftest
configure:3236: $? = 0
configure:3251: result: no
configure:3256: checking for suffix of object files
configure:3278: gcc -c   conftest.c >&5
configure:3282: $? = 0
configure:3303: result: o
configure:3307: checking whether we are using the GNU C compiler
configure:3326: gcc -c   conftest.c >&5
configure:3326: $? = 0
configure:3335: result: yes
configure:3344: checking whether gcc accepts -g
configure:3364: gcc -c -g  conftest.c >&5
configure:3364: $? = 0
configure:3405: result: yes
configure:3422: checking for gcc option to accept ISO C89
configure:3486: gcc  -c -g -O2  conftest.c >&5
configure:3486: $? = 0
configure:3499: result: none needed
configure:3530: checking for style of include used by make
configure:3558: result: GNU
configure:3583: checking dependency style of gcc
configure:3693: result: none
configure:3714: checking how to run the C preprocessor
configure:3745: gcc -E  conftest.c
configure:3745: $? = 0
configure:3759: gcc -E  conftest.c
conftest.c:11:28: error: ac_nonexistent.h: No such file or directory
configure:3759: $? = 1
configure: failed program was:
| /* confdefs.h */
| #define PACKAGE_NAME ""
| #define PACKAGE_TARNAME ""
| #define PACKAGE_VERSION ""
| #define PACKAGE_STRING ""
| #define PACKAGE_BUGREPORT ""
| #define PACKAGE_URL ""
| #define PACKAGE "meditres"
| #define VERSION "0.1"
| /* end confdefs.h.  */
| #include <ac_nonexistent.h>
configure:3784: result: gcc -E
configure:3804: gcc -E  conftest.c
configure:3804: $? = 0
configure:3818: gcc -E  conftest.c
conftest.c:11:28: error: ac_nonexistent.h: No such file or directory
configure:3818: $? = 1
configure: failed program was:
| /* confdefs.h */
| #define PACKAGE_NAME ""
| #define PACKAGE_TARNAME ""
| #define PACKAGE_VERSION ""
| #define PACKAGE_STRING ""
| #define PACKAGE_BUGREPORT ""
| #define PACKAGE_URL ""
| #define PACKAGE "meditres"
| #define VERSION "0.1"
| /* end confdefs.h.  */
| #include <ac_nonexistent.h>
configure:3847: checking for grep that handles long lines and -e
configure:3905: result: /bin/grep
configure:3910: checking for egrep
configure:3972: result: /bin/grep -E
configure:3977: checking for ANSI C header files
configure:3997: gcc -c -g -O2  conftest.c >&5
configure:3997: $? = 0
configure:4070: gcc -o conftest -g -O2   conftest.c  >&5
configure:4070: $? = 0
configure:4070: ./conftest
configure:4070: $? = 0
configure:4081: result: yes
configure:4094: checking for sys/types.h
configure:4094: gcc -c -g -O2  conftest.c >&5
configure:4094: $? = 0
configure:4094: result: yes
configure:4094: checking for sys/stat.h
configure:4094: gcc -c -g -O2  conftest.c >&5
configure:4094: $? = 0
configure:4094: result: yes
configure:4094: checking for stdlib.h
configure:4094: gcc -c -g -O2  conftest.c >&5
configure:4094: $? = 0
configure:4094: result: yes
configure:4094: checking for string.h
configure:4094: gcc -c -g -O2  conftest.c >&5
configure:4094: $? = 0
configure:4094: result: yes
configure:4094: checking for memory.h
configure:4094: gcc -c -g -O2  conftest.c >&5
configure:4094: $? = 0
configure:4094: result: yes
configure:4094: checking for strings.h
configure:4094: gcc -c -g -O2  conftest.c >&5
configure:4094: $? = 0
configure:4094: result: yes
configure:4094: checking for inttypes.h
configure:4094: gcc -c -g -O2  conftest.c >&5
configure:4094: $? = 0
configure:4094: result: yes
configure:4094: checking for stdint.h
configure:4094: gcc -c -g -O2  conftest.c >&5
configure:4094: $? = 0
configure:4094: result: yes
configure:4094: checking for unistd.h
configure:4094: gcc -c -g -O2  conftest.c >&5
configure:4094: $? = 0
configure:4094: result: yes
configure:4107: checking minix/config.h usability
configure:4107: gcc -c -g -O2  conftest.c >&5
conftest.c:54:26: error: minix/config.h: No such file or directory
configure:4107: $? = 1
configure: failed program was:
| /* confdefs.h */
| #define PACKAGE_NAME ""
| #define PACKAGE_TARNAME ""
| #define PACKAGE_VERSION ""
| #define PACKAGE_STRING ""
| #define PACKAGE_BUGREPORT ""
| #define PACKAGE_URL ""
| #define PACKAGE "meditres"
| #define VERSION "0.1"
| #define STDC_HEADERS 1
| #define HAVE_SYS_TYPES_H 1
| #define HAVE_SYS_STAT_H 1
| #define HAVE_STDLIB_H 1
| #define HAVE_STRING_H 1
| #define HAVE_MEMORY_H 1
| #define HAVE_STRINGS_H 1
| #define HAVE_INTTYPES_H 1
| #define HAVE_STDINT_H 1
| #define HAVE_UNISTD_H 1
| /* end confdefs.h.  */
| #include <stdio.h>
| #ifdef HAVE_SYS_TYPES_H
| # include <sys/types.h>
| #endif
| #ifdef HAVE_SYS_STAT_H
| # include <sys/stat.h>
| #endif
| #ifdef STDC_HEADERS
| # include <stdlib.h>
| # include <stddef.h>
| #else
| # ifdef HAVE_STDLIB_H
| #  include <stdlib.h>
| # endif
| #endif
| #ifdef HAVE_STRING_H
| # if !defined STDC_HEADERS && defined HAVE_MEMORY_H
| #  include <memory.h>
| # endif
| # include <string.h>
| #endif
| #ifdef HAVE_STRINGS_H
| # include <strings.h>
| #endif
| #ifdef HAVE_INTTYPES_H
| # include <inttypes.h>
| #endif
| #ifdef HAVE_STDINT_H
| # include <stdint.h>
| #endif
| #ifdef HAVE_UNISTD_H
| # include <unistd.h>
| #endif
| #include <minix/config.h>
configure:4107: result: no
configure:4107: checking minix/config.h presence
configure:4107: gcc -E  conftest.c
conftest.c:21:26: error: minix/config.h: No such file or directory
configure:4107: $? = 1
configure: failed program was:
| /* confdefs.h */
| #define PACKAGE_NAME ""
| #define PACKAGE_TARNAME ""
| #define PACKAGE_VERSION ""
| #define PACKAGE_STRING ""
| #define PACKAGE_BUGREPORT ""
| #define PACKAGE_URL ""
| #define PACKAGE "meditres"
| #define VERSION "0.1"
| #define STDC_HEADERS 1
| #define HAVE_SYS_TYPES_H 1
| #define HAVE_SYS_STAT_H 1
| #define HAVE_STDLIB_H 1
| #define HAVE_STRING_H 1
| #define HAVE_MEMORY_H 1
| #define HAVE_STRINGS_H 1
| #define HAVE_INTTYPES_H 1
| #define HAVE_STDINT_H 1
| #define HAVE_UNISTD_H 1
| /* end confdefs.h.  */
| #include <minix/config.h>
configure:4107: result: no
configure:4107: checking for minix/config.h
configure:4107: result: no
configure:4128: checking whether it is safe to define __EXTENSIONS__
configure:4146: gcc -c -g -O2  conftest.c >&5
configure:4146: $? = 0
configure:4153: result: yes
configure:4168: checking for library containing strerror
configure:4199: gcc -o conftest -g -O2   conftest.c  >&5
configure:4199: $? = 0
configure:4216: result: none required
configure:4228: checking build system type
configure:4242: result: i686-pc-linux-gnu
configure:4262: checking host system type
configure:4275: result: i686-pc-linux-gnu
configure:4303: checking if malloc debugging is wanted
configure:4321: result: no
configure:4331: checking for bison
configure:4347: found /usr/bin/bison
configure:4358: result: bison -y
configure:4371: checking whether ln -s works
configure:4375: result: yes
configure:4425: checking for ranlib
configure:4441: found /usr/bin/ranlib
configure:4452: result: ranlib
configure:4477: checking for texi2html
configure:4507: result: no
configure:4527: checking for function prototypes
configure:4530: result: yes
configure:4553: checking for string.h
configure:4553: result: yes
configure:4565: checking for X
configure:4704: gcc -o conftest -I/usr/local/include -g -O2    conftest.c -lX11 -L/usr/local/lib   >&5
configure:4704: $? = 0
configure:4754: result: libraries , headers 
configure:4853: gcc -o conftest -I/usr/local/include -g -O2    conftest.c -L/usr/local/lib    -lX11 >&5
configure:4853: $? = 0
configure:4951: checking for gethostbyname
configure:4951: gcc -o conftest -I/usr/local/include -g -O2    conftest.c -L/usr/local/lib   >&5
configure:4951: $? = 0
configure:4951: result: yes
configure:5048: checking for connect
configure:5048: gcc -o conftest -I/usr/local/include -g -O2    conftest.c -L/usr/local/lib   >&5
configure:5048: $? = 0
configure:5048: result: yes
configure:5097: checking for remove
configure:5097: gcc -o conftest -I/usr/local/include -g -O2    conftest.c -L/usr/local/lib   >&5
configure:5097: $? = 0
configure:5097: result: yes
configure:5146: checking for shmat
configure:5146: gcc -o conftest -I/usr/local/include -g -O2    conftest.c -L/usr/local/lib   >&5
configure:5146: $? = 0
configure:5146: result: yes
configure:5204: checking for IceConnectionNumber in -lICE
configure:5229: gcc -o conftest -I/usr/local/include -g -O2    conftest.c -lICE  -L/usr/local/lib   >&5
configure:5229: $? = 0
configure:5238: result: yes
configure:5250: checking whether libXp is available
configure:5283: gcc -o conftest  -I/usr/local/include -g -O2     conftest.c  -lXp -lXext -lXt  -lSM -lICE -lX11  -L/usr/local/lib   >&5
conftest.c: In function 'main':
conftest.c:42: warning: incompatible implicit declaration of built-in function 'exit'
/usr/local/lib/libXp.so: undefined reference to `smeBSBObjectClass'
/usr/local/lib/libXp.so: undefined reference to `labelWidgetClass'
/usr/local/lib/libXp.so: undefined reference to `WcRegisterClassPtr'
/usr/local/lib/libXp.so: undefined reference to `scrollbarWidgetClass'
/usr/local/lib/libXp.so: undefined reference to `boxWidgetClass'
/usr/local/lib/libXp.so: undefined reference to `viewportWidgetClass'
/usr/local/lib/libXp.so: undefined reference to `FMT8BIT'
/usr/local/lib/libXp.so: undefined reference to `smeObjectClass'
/usr/local/lib/libXp.so: undefined reference to `portholeWidgetClass'
/usr/local/lib/libXp.so: undefined reference to `panedWidgetClass'
/usr/local/lib/libXp.so: undefined reference to `simpleWidgetClass'
/usr/local/lib/libXp.so: undefined reference to `asciiSinkObjectClass'
/usr/local/lib/libXp.so: undefined reference to `textWidgetClass'
/usr/local/lib/libXp.so: undefined reference to `WcRegisterConstructor'
/usr/local/lib/libXp.so: undefined reference to `formWidgetClass'
/usr/local/lib/libXp.so: undefined reference to `asciiTextWidgetClass'
/usr/local/lib/libXp.so: undefined reference to `XawTextGetInsertionPoint'
/usr/local/lib/libXp.so: undefined reference to `dialogWidgetClass'
/usr/local/lib/libXp.so: undefined reference to `stripChartWidgetClass'
/usr/local/lib/libXp.so: undefined reference to `XawTextReplace'
/usr/local/lib/libXp.so: undefined reference to `commandWidgetClass'
/usr/local/lib/libXp.so: undefined reference to `textSinkObjectClass'
/usr/local/lib/libXp.so: undefined reference to `asciiSrcObjectClass'
/usr/local/lib/libXp.so: undefined reference to `textSrcObjectClass'
/usr/local/lib/libXp.so: undefined reference to `listWidgetClass'
/usr/local/lib/libXp.so: undefined reference to `toggleWidgetClass'
/usr/local/lib/libXp.so: undefined reference to `gripWidgetClass'
/usr/local/lib/libXp.so: undefined reference to `menuButtonWidgetClass'
/usr/local/lib/libXp.so: undefined reference to `repeaterWidgetClass'
/usr/local/lib/libXp.so: undefined reference to `smeLineObjectClass'
/usr/local/lib/libXp.so: undefined reference to `simpleMenuWidgetClass'
/usr/local/lib/libXp.so: undefined reference to `pannerWidgetClass'
collect2: ld returned 1 exit status
configure:5283: $? = 1
configure: failed program was:
| /* confdefs.h */
| #define PACKAGE_NAME ""
| #define PACKAGE_TARNAME ""
| #define PACKAGE_VERSION ""
| #define PACKAGE_STRING ""
| #define PACKAGE_BUGREPORT ""
| #define PACKAGE_URL ""
| #define PACKAGE "meditres"
| #define VERSION "0.1"
| #define STDC_HEADERS 1
| #define HAVE_SYS_TYPES_H 1
| #define HAVE_SYS_STAT_H 1
| #define HAVE_STDLIB_H 1
| #define HAVE_STRING_H 1
| #define HAVE_MEMORY_H 1
| #define HAVE_STRINGS_H 1
| #define HAVE_INTTYPES_H 1
| #define HAVE_STDINT_H 1
| #define HAVE_UNISTD_H 1
| #define __EXTENSIONS__ 1
| #define _ALL_SOURCE 1
| #define _GNU_SOURCE 1
| #define _POSIX_PTHREAD_SEMANTICS 1
| #define _TANDEM_SOURCE 1
| #define PROTOTYPES 1
| #define __PROTOTYPES 1
| #define HAVE_STRING_H 1
| /* end confdefs.h.  */
| 
| #include <X11/Intrinsic.h>
| #include <X11/extensions/Print.h>
| 
| int
| main ()
| {
| 
| int main() {
| Display *display=NULL;
| short   major_version, minor_version;
| Status rc;
| rc=XpQueryVersion(display, &major_version, &minor_version);
| exit(0);
| }
| 
|   ;
|   return 0;
| }
configure:5292: result: no
configure:5338: checking for Motif
configure:5372: gcc -c -I/usr/local/include -g -O2    conftest.c >&5
configure:5372: $? = 0
configure:5444: gcc -o conftest -I/usr/local/include -g -O2      conftest.c  -lSM -lICE -lXm -lXt -lX11  -L/usr/local/lib   >&5
configure:5444: $? = 0
configure:5499: checking whether libXp is available
configure:5541: result: no
configure:5602: result: libraries in default path, headers in default path
configure:5611: checking Xm/Container.h usability
configure:5611: gcc -c    -I/usr/local/include -g -O2   conftest.c >&5
configure:5611: $? = 0
configure:5611: result: yes
configure:5611: checking Xm/Container.h presence
configure:5611: gcc -E  conftest.c
configure:5611: $? = 0
configure:5611: result: yes
configure:5611: checking for Xm/Container.h
configure:5611: result: yes
configure:5622: checking for ANSI C header files
configure:5726: result: yes
configure:5737: checking sys/time.h usability
configure:5737: gcc -c    -I/usr/local/include -g -O2   conftest.c >&5
configure:5737: $? = 0
configure:5737: result: yes
configure:5737: checking sys/time.h presence
configure:5737: gcc -E  conftest.c
configure:5737: $? = 0
configure:5737: result: yes
configure:5737: checking for sys/time.h
configure:5737: result: yes
configure:5737: checking time.h usability
configure:5737: gcc -c    -I/usr/local/include -g -O2   conftest.c >&5
configure:5737: $? = 0
configure:5737: result: yes
configure:5737: checking time.h presence
configure:5737: gcc -E  conftest.c
configure:5737: $? = 0
configure:5737: result: yes
configure:5737: checking for time.h
configure:5737: result: yes
configure:5737: checking for unistd.h
configure:5737: result: yes
configure:5748: checking for an ANSI C-conforming const
configure:5813: gcc -c    -I/usr/local/include -g -O2   conftest.c >&5
configure:5813: $? = 0
configure:5820: result: yes
configure:5828: checking for size_t
configure:5828: gcc -c    -I/usr/local/include -g -O2   conftest.c >&5
configure:5828: $? = 0
configure:5828: gcc -c    -I/usr/local/include -g -O2   conftest.c >&5
conftest.c: In function 'main':
conftest.c:71: error: expected expression before ')' token
configure:5828: $? = 1
configure: failed program was:
| /* confdefs.h */
| #define PACKAGE_NAME ""
| #define PACKAGE_TARNAME ""
| #define PACKAGE_VERSION ""
| #define PACKAGE_STRING ""
| #define PACKAGE_BUGREPORT ""
| #define PACKAGE_URL ""
| #define PACKAGE "meditres"
| #define VERSION "0.1"
| #define STDC_HEADERS 1
| #define HAVE_SYS_TYPES_H 1
| #define HAVE_SYS_STAT_H 1
| #define HAVE_STDLIB_H 1
| #define HAVE_STRING_H 1
| #define HAVE_MEMORY_H 1
| #define HAVE_STRINGS_H 1
| #define HAVE_INTTYPES_H 1
| #define HAVE_STDINT_H 1
| #define HAVE_UNISTD_H 1
| #define __EXTENSIONS__ 1
| #define _ALL_SOURCE 1
| #define _GNU_SOURCE 1
| #define _POSIX_PTHREAD_SEMANTICS 1
| #define _TANDEM_SOURCE 1
| #define PROTOTYPES 1
| #define __PROTOTYPES 1
| #define HAVE_STRING_H 1
| #define HAVE_MOTIF 1
| #define HAVE_XM_CONTAINER_H 1
| #define STDC_HEADERS 1
| #define HAVE_SYS_TIME_H 1
| #define HAVE_TIME_H 1
| #define HAVE_UNISTD_H 1
| /* end confdefs.h.  */
| #include <stdio.h>
| #ifdef HAVE_SYS_TYPES_H
| # include <sys/types.h>
| #endif
| #ifdef HAVE_SYS_STAT_H
| # include <sys/stat.h>
| #endif
| #ifdef STDC_HEADERS
| # include <stdlib.h>
| # include <stddef.h>
| #else
| # ifdef HAVE_STDLIB_H
| #  include <stdlib.h>
| # endif
| #endif
| #ifdef HAVE_STRING_H
| # if !defined STDC_HEADERS && defined HAVE_MEMORY_H
| #  include <memory.h>
| # endif
| # include <string.h>
| #endif
| #ifdef HAVE_STRINGS_H
| # include <strings.h>
| #endif
| #ifdef HAVE_INTTYPES_H
| # include <inttypes.h>
| #endif
| #ifdef HAVE_STDINT_H
| # include <stdint.h>
| #endif
| #ifdef HAVE_UNISTD_H
| # include <unistd.h>
| #endif
| int
| main ()
| {
| if (sizeof ((size_t)))
| 	    return 0;
|   ;
|   return 0;
| }
configure:5828: result: yes
configure:5839: checking whether time.h and sys/time.h may both be included
configure:5859: gcc -c    -I/usr/local/include -g -O2   conftest.c >&5
configure:5859: $? = 0
configure:5866: result: yes
configure:5877: checking for working alloca.h
configure:5894: gcc -o conftest    -I/usr/local/include -g -O2    conftest.c -lXm     -lSM -lICE -lXt -lXext -lX11  -L/usr/local/lib   >&5
configure:5894: $? = 0
configure:5902: result: yes
configure:5910: checking for alloca
configure:5947: gcc -o conftest    -I/usr/local/include -g -O2    conftest.c -lXm     -lSM -lICE -lXt -lXext -lX11  -L/usr/local/lib   >&5
configure:5947: $? = 0
configure:5955: result: yes
configure:6064: checking return type of signal handlers
configure:6082: gcc -c    -I/usr/local/include -g -O2   conftest.c >&5
conftest.c: In function 'main':
conftest.c:44: error: void value not ignored as it ought to be
configure:6082: $? = 1
configure: failed program was:
| /* confdefs.h */
| #define PACKAGE_NAME ""
| #define PACKAGE_TARNAME ""
| #define PACKAGE_VERSION ""
| #define PACKAGE_STRING ""
| #define PACKAGE_BUGREPORT ""
| #define PACKAGE_URL ""
| #define PACKAGE "meditres"
| #define VERSION "0.1"
| #define STDC_HEADERS 1
| #define HAVE_SYS_TYPES_H 1
| #define HAVE_SYS_STAT_H 1
| #define HAVE_STDLIB_H 1
| #define HAVE_STRING_H 1
| #define HAVE_MEMORY_H 1
| #define HAVE_STRINGS_H 1
| #define HAVE_INTTYPES_H 1
| #define HAVE_STDINT_H 1
| #define HAVE_UNISTD_H 1
| #define __EXTENSIONS__ 1
| #define _ALL_SOURCE 1
| #define _GNU_SOURCE 1
| #define _POSIX_PTHREAD_SEMANTICS 1
| #define _TANDEM_SOURCE 1
| #define PROTOTYPES 1
| #define __PROTOTYPES 1
| #define HAVE_STRING_H 1
| #define HAVE_MOTIF 1
| #define HAVE_XM_CONTAINER_H 1
| #define STDC_HEADERS 1
| #define HAVE_SYS_TIME_H 1
| #define HAVE_TIME_H 1
| #define HAVE_UNISTD_H 1
| #define TIME_WITH_SYS_TIME 1
| #define HAVE_ALLOCA_H 1
| #define HAVE_ALLOCA 1
| /* end confdefs.h.  */
| #include <sys/types.h>
| #include <signal.h>
| 
| int
| main ()
| {
| return *(signal (0, 0)) (0) == 1;
|   ;
|   return 0;
| }
configure:6089: result: void
configure:6099: checking for strftime
configure:6099: gcc -o conftest    -I/usr/local/include -g -O2    conftest.c -lXm     -lSM -lICE -lXt -lXext -lX11  -L/usr/local/lib   >&5
conftest.c:62: warning: conflicting types for built-in function 'strftime'
configure:6099: $? = 0
configure:6099: result: yes
configure:6154: checking for vprintf
configure:6154: gcc -o conftest    -I/usr/local/include -g -O2    conftest.c -lXm     -lSM -lICE -lXt -lXext -lX11  -L/usr/local/lib   >&5
conftest.c:63: warning: conflicting types for built-in function 'vprintf'
configure:6154: $? = 0
configure:6154: result: yes
configure:6160: checking for _doprnt
configure:6160: gcc -o conftest    -I/usr/local/include -g -O2    conftest.c -lXm     -lSM -lICE -lXt -lXext -lX11  -L/usr/local/lib   >&5
/tmp/ccM9cI3H.o: In function `main':
/mnt/mesa/src/xm/dtextra/meditres/conftest.c:75: undefined reference to `_doprnt'
collect2: ld returned 1 exit status
configure:6160: $? = 1
configure: failed program was:
| /* confdefs.h */
| #define PACKAGE_NAME ""
| #define PACKAGE_TARNAME ""
| #define PACKAGE_VERSION ""
| #define PACKAGE_STRING ""
| #define PACKAGE_BUGREPORT ""
| #define PACKAGE_URL ""
| #define PACKAGE "meditres"
| #define VERSION "0.1"
| #define STDC_HEADERS 1
| #define HAVE_SYS_TYPES_H 1
| #define HAVE_SYS_STAT_H 1
| #define HAVE_STDLIB_H 1
| #define HAVE_STRING_H 1
| #define HAVE_MEMORY_H 1
| #define HAVE_STRINGS_H 1
| #define HAVE_INTTYPES_H 1
| #define HAVE_STDINT_H 1
| #define HAVE_UNISTD_H 1
| #define __EXTENSIONS__ 1
| #define _ALL_SOURCE 1
| #define _GNU_SOURCE 1
| #define _POSIX_PTHREAD_SEMANTICS 1
| #define _TANDEM_SOURCE 1
| #define PROTOTYPES 1
| #define __PROTOTYPES 1
| #define HAVE_STRING_H 1
| #define HAVE_MOTIF 1
| #define HAVE_XM_CONTAINER_H 1
| #define STDC_HEADERS 1
| #define HAVE_SYS_TIME_H 1
| #define HAVE_TIME_H 1
| #define HAVE_UNISTD_H 1
| #define TIME_WITH_SYS_TIME 1
| #define HAVE_ALLOCA_H 1
| #define HAVE_ALLOCA 1
| #define RETSIGTYPE void
| #define HAVE_STRFTIME 1
| #define HAVE_VPRINTF 1
| /* end confdefs.h.  */
| /* Define _doprnt to an innocuous variant, in case <limits.h> declares _doprnt.
|    For example, HP-UX 11i <limits.h> declares gettimeofday.  */
| #define _doprnt innocuous__doprnt
| 
| /* System header to define __stub macros and hopefully few prototypes,
|     which can conflict with char _doprnt (); below.
|     Prefer <limits.h> to <assert.h> if __STDC__ is defined, since
|     <limits.h> exists even on freestanding compilers.  */
| 
| #ifdef __STDC__
| # include <limits.h>
| #else
| # include <assert.h>
| #endif
| 
| #undef _doprnt
| 
| /* Override any GCC internal prototype to avoid an error.
|    Use char because int might match the return type of a GCC
|    builtin and then its argument prototype would still apply.  */
| #ifdef __cplusplus
| extern "C"
| #endif
| char _doprnt ();
| /* The GNU C library defines this for functions which it implements
|     to always fail with ENOSYS.  Some functions are actually named
|     something starting with __ and the normal name is an alias.  */
| #if defined __stub__doprnt || defined __stub____doprnt
| choke me
| #endif
| 
| int
| main ()
| {
| return _doprnt ();
|   ;
|   return 0;
| }
configure:6160: result: no
configure:6174: checking for sigaction
configure:6174: gcc -o conftest    -I/usr/local/include -g -O2    conftest.c -lXm     -lSM -lICE -lXt -lXext -lX11  -L/usr/local/lib   >&5
configure:6174: $? = 0
configure:6174: result: yes
configure:6174: checking for strcasecmp
configure:6174: gcc -o conftest    -I/usr/local/include -g -O2    conftest.c -lXm     -lSM -lICE -lXt -lXext -lX11  -L/usr/local/lib   >&5
conftest.c:65: warning: conflicting types for built-in function 'strcasecmp'
configure:6174: $? = 0
configure:6174: result: yes
configure:6174: checking for strerror
configure:6174: gcc -o conftest    -I/usr/local/include -g -O2    conftest.c -lXm     -lSM -lICE -lXt -lXext -lX11  -L/usr/local/lib   >&5
configure:6174: $? = 0
configure:6174: result: yes
configure:6183: checking for obstacks
configure:6204: gcc -o conftest    -I/usr/local/include -g -O2    conftest.c -lXm     -lSM -lICE -lXt -lXext -lX11  -L/usr/local/lib   >&5
configure:6204: $? = 0
configure:6212: result: yes
configure:6363: creating ./config.status

## ---------------------- ##
## Running config.status. ##
## ---------------------- ##

This file was extended by config.status, which was
generated by GNU Autoconf 2.67.  Invocation command line was

  CONFIG_FILES    = 
  CONFIG_HEADERS  = 
  CONFIG_LINKS    = 
  CONFIG_COMMANDS = 
  $ ./config.status 

on Caracal

config.status:911: creating Makefile
config.status:911: creating meditres.spec
config.status:911: creating config.h
config.status:1091: config.h is unchanged
config.status:1139: executing depfiles commands

## ---------------- ##
## Cache variables. ##
## ---------------- ##

ac_cv_build=i686-pc-linux-gnu
ac_cv_c_compiler_gnu=yes
ac_cv_c_const=yes
ac_cv_env_CC_set=
ac_cv_env_CC_value=
ac_cv_env_CFLAGS_set=
ac_cv_env_CFLAGS_value=
ac_cv_env_CPPFLAGS_set=
ac_cv_env_CPPFLAGS_value=
ac_cv_env_CPP_set=
ac_cv_env_CPP_value=
ac_cv_env_LDFLAGS_set=
ac_cv_env_LDFLAGS_value=
ac_cv_env_LIBS_set=
ac_cv_env_LIBS_value=
ac_cv_env_XMKMF_set=
ac_cv_env_XMKMF_value=
ac_cv_env_YACC_set=
ac_cv_env_YACC_value=
ac_cv_env_YFLAGS_set=
ac_cv_env_YFLAGS_value=
ac_cv_env_build_alias_set=
ac_cv_env_build_alias_value=
ac_cv_env_host_alias_set=
ac_cv_env_host_alias_value=
ac_cv_env_target_alias_set=
ac_cv_env_target_alias_value=
ac_cv_func__doprnt=no
ac_cv_func_alloca_works=yes
ac_cv_func_connect=yes
ac_cv_func_gethostbyname=yes
ac_cv_func_obstack=yes
ac_cv_func_remove=yes
ac_cv_func_shmat=yes
ac_cv_func_sigaction=yes
ac_cv_func_strcasecmp=yes
ac_cv_func_strerror=yes
ac_cv_func_strftime=yes
ac_cv_func_vprintf=yes
ac_cv_have_x='have_x=yes	ac_x_includes='\'''\''	ac_x_libraries='\'''\'''
ac_cv_header_Xm_Container_h=yes
ac_cv_header_inttypes_h=yes
ac_cv_header_memory_h=yes
ac_cv_header_minix_config_h=no
ac_cv_header_stdc=yes
ac_cv_header_stdint_h=yes
ac_cv_header_stdlib_h=yes
ac_cv_header_string_h=yes
ac_cv_header_strings_h=yes
ac_cv_header_sys_stat_h=yes
ac_cv_header_sys_time_h=yes
ac_cv_header_sys_types_h=yes
ac_cv_header_time=yes
ac_cv_header_time_h=yes
ac_cv_header_unistd_h=yes
ac_cv_host=i686-pc-linux-gnu
ac_cv_lib_ICE_IceConnectionNumber=yes
ac_cv_motif_includes=
ac_cv_motif_libraries=
ac_cv_objext=o
ac_cv_path_EGREP='/bin/grep -E'
ac_cv_path_GREP=/bin/grep
ac_cv_path_install='/usr/bin/install -c'
ac_cv_path_mkdir=/bin/mkdir
ac_cv_prog_AWK=gawk
ac_cv_prog_CPP='gcc -E'
ac_cv_prog_YACC='bison -y'
ac_cv_prog_ac_ct_CC=gcc
ac_cv_prog_ac_ct_RANLIB=ranlib
ac_cv_prog_cc_c89=
ac_cv_prog_cc_g=yes
ac_cv_prog_make_make_set=yes
ac_cv_safe_to_define___extensions__=yes
ac_cv_search_strerror='none required'
ac_cv_type_signal=void
ac_cv_type_size_t=yes
ac_cv_working_alloca_h=yes
am_cv_CC_dependencies_compiler_type=none
lt_cv_libxp=no

## ----------------- ##
## Output variables. ##
## ----------------- ##

ACLOCAL='${SHELL} /mnt/mesa/src/xm/dtextra/meditres/missing --run aclocal-1.11'
ALLOCA=''
AMDEPBACKSLASH='\'
AMDEP_FALSE='#'
AMDEP_TRUE=''
AMTAR='${SHELL} /mnt/mesa/src/xm/dtextra/meditres/missing --run tar'
ANSI2KNR=''
AUTOCONF='${SHELL} /mnt/mesa/src/xm/dtextra/meditres/missing --run autoconf'
AUTOHEADER='${SHELL} /mnt/mesa/src/xm/dtextra/meditres/missing --run autoheader'
AUTOMAKE='${SHELL} /mnt/mesa/src/xm/dtextra/meditres/missing --run automake-1.11'
AWK='gawk'
CC='gcc'
CCDEPMODE='depmode=none'
CFLAGS='   -I/usr/local/include -g -O2 '
CPP='gcc -E'
CPPFLAGS=''
CYGPATH_W='echo'
DEFS='-DHAVE_CONFIG_H'
DEPDIR='.deps'
ECHO_C=''
ECHO_N='-n'
ECHO_T=''
EGREP='/bin/grep -E'
EXEEXT=''
GREP='/bin/grep'
HAVE_TEXI2HTML=''
HaveTexi2Html_FALSE=''
HaveTexi2Html_TRUE='#'
Have_Libxp_FALSE=''
Have_Libxp_TRUE='#'
INSTALL_DATA='${INSTALL} -m 644'
INSTALL_PROGRAM='${INSTALL}'
INSTALL_SCRIPT='${INSTALL}'
INSTALL_STRIP_PROGRAM='$(install_sh) -c -s'
LDFLAGS=''
LIBOBJS=''
LIBS='-lXm     -lSM -lICE -lXt -lXext -lX11  -L/usr/local/lib  '
LN_S='ln -s'
LTLIBOBJS=''
LT_HAVE_XP='no'
MAKEINFO='${SHELL} /mnt/mesa/src/xm/dtextra/meditres/missing --run makeinfo'
MKDIR_P='/bin/mkdir -p'
MOTIF_CFLAGS=''
MOTIF_LIBS='-lXm '
OBJEXT='o'
PACKAGE='meditres'
PACKAGE_BUGREPORT=''
PACKAGE_NAME=''
PACKAGE_STRING=''
PACKAGE_TARNAME=''
PACKAGE_URL=''
PACKAGE_VERSION=''
PATH_SEPARATOR=':'
RANLIB='ranlib'
SET_MAKE=''
SHELL='/bin/sh'
STRIP=''
U=''
VERSION='0.1'
XMKMF=''
X_CFLAGS=''
X_EXTRA_LIBS=''
X_LIBS=''
X_PRE_LIBS=' -lSM -lICE'
YACC='bison -y'
YFLAGS=''
ac_ct_CC='gcc'
am__EXEEXT_FALSE=''
am__EXEEXT_TRUE='#'
am__fastdepCC_FALSE=''
am__fastdepCC_TRUE='#'
am__include='include'
am__isrc=''
am__leading_dot='.'
am__quote=''
am__tar='${AMTAR} chof - "$$tardir"'
am__untar='${AMTAR} xf -'
bindir='${exec_prefix}/bin'
build='i686-pc-linux-gnu'
build_alias=''
build_cpu='i686'
build_os='linux-gnu'
build_vendor='pc'
datadir='${datarootdir}'
datarootdir='${prefix}/share'
docdir='${datarootdir}/doc/${PACKAGE}'
dvidir='${docdir}'
exec_prefix='${prefix}'
host='i686-pc-linux-gnu'
host_alias=''
host_cpu='i686'
host_os='linux-gnu'
host_vendor='pc'
htmldir='${docdir}'
include_motif=''
includedir='${prefix}/include'
infodir='${datarootdir}/info'
install_sh='${SHELL} /mnt/mesa/src/xm/dtextra/meditres/install-sh'
libdir='${exec_prefix}/lib'
libexecdir='${exec_prefix}/libexec'
link_motif='-lXm '
localedir='${datarootdir}/locale'
localstatedir='${prefix}/var'
mandir='${datarootdir}/man'
mkdir_p='/bin/mkdir -p'
oldincludedir='/usr/include'
pdfdir='${docdir}'
prefix='/usr'
program_transform_name='s,x,x,'
psdir='${docdir}'
sbindir='${exec_prefix}/sbin'
sharedstatedir='${prefix}/com'
sysconfdir='${prefix}/etc'
target_alias=''

## ----------- ##
## confdefs.h. ##
## ----------- ##

/* confdefs.h */
#define PACKAGE_NAME ""
#define PACKAGE_TARNAME ""
#define PACKAGE_VERSION ""
#define PACKAGE_STRING ""
#define PACKAGE_BUGREPORT ""
#define PACKAGE_URL ""
#define PACKAGE "meditres"
#define VERSION "0.1"
#define STDC_HEADERS 1
#define HAVE_SYS_TYPES_H 1
#define HAVE_SYS_STAT_H 1
#define HAVE_STDLIB_H 1
#define HAVE_STRING_H 1
#define HAVE_MEMORY_H 1
#define HAVE_STRINGS_H 1
#define HAVE_INTTYPES_H 1
#define HAVE_STDINT_H 1
#define HAVE_UNISTD_H 1
#define __EXTENSIONS__ 1
#define _ALL_SOURCE 1
#define _GNU_SOURCE 1
#define _POSIX_PTHREAD_SEMANTICS 1
#define _TANDEM_SOURCE 1
#define PROTOTYPES 1
#define __PROTOTYPES 1
#define HAVE_STRING_H 1
#define HAVE_MOTIF 1
#define HAVE_XM_CONTAINER_H 1
#define STDC_HEADERS 1
#define HAVE_SYS_TIME_H 1
#define HAVE_TIME_H 1
#define HAVE_UNISTD_H 1
#define TIME_WITH_SYS_TIME 1
#define HAVE_ALLOCA_H 1
#define HAVE_ALLOCA 1
#define RETSIGTYPE void
#define HAVE_STRFTIME 1
#define HAVE_VPRINTF 1
#define HAVE_SIGACTION 1
#define HAVE_STRCASECMP 1
#define HAVE_STRERROR 1
#define HAVE_OBSTACK 1

configure: exit 0
