This file contains any messages produced by compilers while
running configure, to aid debugging if configure makes a mistake.

It was created by nebula configure 0.5, which was
generated by GNU Autoconf 2.59.  Invocation command line was

  $ ./configure --prefix=/usr

## --------- ##
## Platform. ##
## --------- ##

hostname = Caracal
uname -m = i686
uname -r = 3.0.0-rc6-tp-3+
uname -s = Linux
uname -v = #3 SMP Wed Jul 6 18:11:29 PDT 2011

/usr/bin/uname -p = unknown
/bin/uname -X     = unknown

/bin/arch              = unknown
/usr/bin/arch -k       = unknown
/usr/convex/getsysinfo = unknown
hostinfo               = unknown
/bin/machine           = unknown
/usr/bin/oslevel       = unknown
/bin/universe          = unknown

PATH: /home/idunham/bin
PATH: /mnt/mesa/bin
PATH: /home/idunham/bin
PATH: /usr/local/bin
PATH: /usr/bin
PATH: /bin
PATH: /usr/local/games
PATH: /usr/games


## ----------- ##
## Core tests. ##
## ----------- ##

configure:1367: checking for a BSD-compatible install
configure:1422: result: /usr/bin/install -c
configure:1433: checking whether build environment is sane
configure:1476: result: yes
configure:1533: checking for gawk
configure:1549: found /usr/bin/gawk
configure:1559: result: gawk
configure:1569: checking whether make sets $(MAKE)
configure:1589: result: yes
configure:1762: checking build system type
configure:1780: result: i686-pc-linux-gnu
configure:1841: checking for gcc
configure:1857: found /usr/bin/gcc
configure:1867: result: gcc
configure:2111: checking for C compiler version
configure:2114: gcc --version </dev/null >&5
gcc (Debian 4.4.5-8) 4.4.5
Copyright (C) 2010 Free Software Foundation, Inc.
This is free software; see the source for copying conditions.  There is NO
warranty; not even for MERCHANTABILITY or FITNESS FOR A PARTICULAR PURPOSE.

configure:2117: $? = 0
configure:2119: gcc -v </dev/null >&5
Using built-in specs.
Target: i486-linux-gnu
Configured with: ../src/configure -v --with-pkgversion='Debian 4.4.5-8' --with-bugurl=file:///usr/share/doc/gcc-4.4/README.Bugs --enable-languages=c,c++,fortran,objc,obj-c++ --prefix=/usr --program-suffix=-4.4 --enable-shared --enable-multiarch --enable-linker-build-id --with-system-zlib --libexecdir=/usr/lib --without-included-gettext --enable-threads=posix --with-gxx-include-dir=/usr/include/c++/4.4 --libdir=/usr/lib --enable-nls --enable-clocale=gnu --enable-libstdcxx-debug --enable-objc-gc --enable-targets=all --with-arch-32=i586 --with-tune=generic --enable-checking=release --build=i486-linux-gnu --host=i486-linux-gnu --target=i486-linux-gnu
Thread model: posix
gcc version 4.4.5 (Debian 4.4.5-8) 
configure:2122: $? = 0
configure:2124: gcc -V </dev/null >&5
gcc: '-V' option must have argument
configure:2127: $? = 1
configure:2150: checking for C compiler default output file name
configure:2153: gcc    conftest.c  >&5
configure:2156: $? = 0
configure:2202: result: a.out
configure:2207: checking whether the C compiler works
configure:2213: ./a.out
configure:2216: $? = 0
configure:2233: result: yes
configure:2240: checking whether we are cross compiling
configure:2242: result: no
configure:2245: checking for suffix of executables
configure:2247: gcc -o conftest    conftest.c  >&5
configure:2250: $? = 0
configure:2275: result: 
configure:2281: checking for suffix of object files
configure:2302: gcc -c   conftest.c >&5
configure:2305: $? = 0
configure:2327: result: o
configure:2331: checking whether we are using the GNU C compiler
configure:2355: gcc -c   conftest.c >&5
configure:2361: $? = 0
configure:2365: test -z 
			 || test ! -s conftest.err
configure:2368: $? = 0
configure:2371: test -s conftest.o
configure:2374: $? = 0
configure:2387: result: yes
configure:2393: checking whether gcc accepts -g
configure:2414: gcc -c -g  conftest.c >&5
configure:2420: $? = 0
configure:2424: test -z 
			 || test ! -s conftest.err
configure:2427: $? = 0
configure:2430: test -s conftest.o
configure:2433: $? = 0
configure:2444: result: yes
configure:2461: checking for gcc option to accept ANSI C
configure:2531: gcc  -c -g -O2  conftest.c >&5
configure:2537: $? = 0
configure:2541: test -z 
			 || test ! -s conftest.err
configure:2544: $? = 0
configure:2547: test -s conftest.o
configure:2550: $? = 0
configure:2568: result: none needed
configure:2586: gcc -c -g -O2  conftest.c >&5
conftest.c:2: error: expected '=', ',', ';', 'asm' or '__attribute__' before 'me'
configure:2592: $? = 1
configure: failed program was:
| #ifndef __cplusplus
|   choke me
| #endif
configure:2736: checking for style of include used by make
configure:2764: result: GNU
configure:2792: checking dependency style of gcc
configure:2882: result: gcc3
configure:2921: checking how to run the C preprocessor
configure:2956: gcc -E  conftest.c
configure:2962: $? = 0
configure:2994: gcc -E  conftest.c
conftest.c:12:28: error: ac_nonexistent.h: No such file or directory
configure:3000: $? = 1
configure: failed program was:
| /* confdefs.h.  */
| 
| #define PACKAGE_NAME "nebula"
| #define PACKAGE_TARNAME "nebula"
| #define PACKAGE_VERSION "0.5"
| #define PACKAGE_STRING "nebula 0.5"
| #define PACKAGE_BUGREPORT "rmottola@users.sourceforge.net"
| #define PACKAGE "nebula"
| #define VERSION "0.5"
| #define ARCHOS "(linux-gnu running on i686)"
| /* end confdefs.h.  */
| #include <ac_nonexistent.h>
configure:3039: result: gcc -E
configure:3063: gcc -E  conftest.c
configure:3069: $? = 0
configure:3101: gcc -E  conftest.c
conftest.c:12:28: error: ac_nonexistent.h: No such file or directory
configure:3107: $? = 1
configure: failed program was:
| /* confdefs.h.  */
| 
| #define PACKAGE_NAME "nebula"
| #define PACKAGE_TARNAME "nebula"
| #define PACKAGE_VERSION "0.5"
| #define PACKAGE_STRING "nebula 0.5"
| #define PACKAGE_BUGREPORT "rmottola@users.sourceforge.net"
| #define PACKAGE "nebula"
| #define VERSION "0.5"
| #define ARCHOS "(linux-gnu running on i686)"
| /* end confdefs.h.  */
| #include <ac_nonexistent.h>
configure:3151: checking for X
configure:3256: gcc -E  conftest.c
configure:3262: $? = 0
configure:3312: gcc -o conftest -g -O2   conftest.c -lXt  >&5
configure:3318: $? = 0
configure:3322: test -z 
			 || test ! -s conftest.err
configure:3325: $? = 0
configure:3328: test -s conftest
configure:3331: $? = 0
configure:3381: result: libraries , headers 
configure:3553: gcc -o conftest -g -O2   conftest.c   -lX11 >&5
configure:3559: $? = 0
configure:3563: test -z 
			 || test ! -s conftest.err
configure:3566: $? = 0
configure:3569: test -s conftest
configure:3572: $? = 0
configure:3730: checking for gethostbyname
configure:3787: gcc -o conftest -g -O2   conftest.c  >&5
configure:3793: $? = 0
configure:3797: test -z 
			 || test ! -s conftest.err
configure:3800: $? = 0
configure:3803: test -s conftest
configure:3806: $? = 0
configure:3818: result: yes
configure:3969: checking for connect
configure:4026: gcc -o conftest -g -O2   conftest.c  >&5
configure:4032: $? = 0
configure:4036: test -z 
			 || test ! -s conftest.err
configure:4039: $? = 0
configure:4042: test -s conftest
configure:4045: $? = 0
configure:4057: result: yes
configure:4132: checking for remove
configure:4189: gcc -o conftest -g -O2   conftest.c  >&5
configure:4195: $? = 0
configure:4199: test -z 
			 || test ! -s conftest.err
configure:4202: $? = 0
configure:4205: test -s conftest
configure:4208: $? = 0
configure:4220: result: yes
configure:4295: checking for shmat
configure:4352: gcc -o conftest -g -O2   conftest.c  >&5
configure:4358: $? = 0
configure:4362: test -z 
			 || test ! -s conftest.err
configure:4365: $? = 0
configure:4368: test -s conftest
configure:4371: $? = 0
configure:4383: result: yes
configure:4467: checking for IceConnectionNumber in -lICE
configure:4497: gcc -o conftest -g -O2   conftest.c -lICE   >&5
configure:4503: $? = 0
configure:4507: test -z 
			 || test ! -s conftest.err
configure:4510: $? = 0
configure:4513: test -s conftest
configure:4516: $? = 0
configure:4529: result: yes
configure:4564: checking for Motif
configure:4588: result: libraries in default path, headers in default path
configure:4595: checking for XOpenDisplay in -lX11
configure:4625: gcc -o conftest -g -O2      conftest.c -lX11  -lSM -lICE    >&5
configure:4631: $? = 0
configure:4635: test -z 
			 || test ! -s conftest.err
configure:4638: $? = 0
configure:4641: test -s conftest
configure:4644: $? = 0
configure:4657: result: yes
configure:4678: checking for XtToolkitInitialize in -lXt
configure:4708: gcc -o conftest -g -O2      conftest.c -lXt  -lSM -lICE -lX11    >&5
configure:4714: $? = 0
configure:4718: test -z 
			 || test ! -s conftest.err
configure:4721: $? = 0
configure:4724: test -s conftest
configure:4727: $? = 0
configure:4740: result: yes
configure:4776: checking for XmCreateOptionMenu in -lXm
configure:4806: gcc -o conftest -g -O2      conftest.c -lXm  -lXt    -lSM -lICE -lX11     >&5
configure:4812: $? = 0
configure:4816: test -z 
			 || test ! -s conftest.err
configure:4819: $? = 0
configure:4822: test -s conftest
configure:4825: $? = 0
configure:4838: result: yes
configure:4863: checking for regcmp in -lPW
configure:4893: gcc -o conftest -g -O2      conftest.c -lPW    >&5
/usr/bin/ld: cannot find -lPW
collect2: ld returned 1 exit status
configure:4899: $? = 1
configure: failed program was:
| /* confdefs.h.  */
| 
| #define PACKAGE_NAME "nebula"
| #define PACKAGE_TARNAME "nebula"
| #define PACKAGE_VERSION "0.5"
| #define PACKAGE_STRING "nebula 0.5"
| #define PACKAGE_BUGREPORT "rmottola@users.sourceforge.net"
| #define PACKAGE "nebula"
| #define VERSION "0.5"
| #define ARCHOS "(linux-gnu running on i686)"
| #define HAVE_MOTIF 1
| /* end confdefs.h.  */
| 
| /* Override any gcc2 internal prototype to avoid an error.  */
| #ifdef __cplusplus
| extern "C"
| #endif
| /* We use char because int might match the return type of a gcc2
|    builtin and then its argument prototype would still apply.  */
| char regcmp ();
| int
| main ()
| {
| regcmp ();
|   ;
|   return 0;
| }
configure:4925: result: no
configure:4938: checking for XmStringCreateLocalized
configure:4995: gcc -o conftest -g -O2      conftest.c   -lXm -lXt -lX11 >&5
configure:5001: $? = 0
configure:5005: test -z 
			 || test ! -s conftest.err
configure:5008: $? = 0
configure:5011: test -s conftest
configure:5014: $? = 0
configure:5026: result: yes
configure:5040: checking for XmStringGenerate
configure:5097: gcc -o conftest -g -O2      conftest.c   -lXm -lXt -lX11 >&5
configure:5103: $? = 0
configure:5107: test -z 
			 || test ! -s conftest.err
configure:5110: $? = 0
configure:5113: test -s conftest
configure:5116: $? = 0
configure:5128: result: yes
configure:5141: checking for SgCreateList in -lSgm
configure:5171: gcc -o conftest -g -O2      conftest.c -lSgm    >&5
/usr/bin/ld: cannot find -lSgm
collect2: ld returned 1 exit status
configure:5177: $? = 1
configure: failed program was:
| /* confdefs.h.  */
| 
| #define PACKAGE_NAME "nebula"
| #define PACKAGE_TARNAME "nebula"
| #define PACKAGE_VERSION "0.5"
| #define PACKAGE_STRING "nebula 0.5"
| #define PACKAGE_BUGREPORT "rmottola@users.sourceforge.net"
| #define PACKAGE "nebula"
| #define VERSION "0.5"
| #define ARCHOS "(linux-gnu running on i686)"
| #define HAVE_MOTIF 1
| #define HAVE_XMSTRINGCREATELOCALIZED 1
| #define HAVE_XMSTRINGGENERATE 1
| /* end confdefs.h.  */
| 
| /* Override any gcc2 internal prototype to avoid an error.  */
| #ifdef __cplusplus
| extern "C"
| #endif
| /* We use char because int might match the return type of a gcc2
|    builtin and then its argument prototype would still apply.  */
| char SgCreateList ();
| int
| main ()
| {
| SgCreateList ();
|   ;
|   return 0;
| }
configure:5203: result: no
configure:5211: checking for egrep
configure:5221: result: grep -E
configure:5226: checking for ANSI C header files
configure:5251: gcc -c -g -O2    conftest.c >&5
configure:5257: $? = 0
configure:5261: test -z 
			 || test ! -s conftest.err
configure:5264: $? = 0
configure:5267: test -s conftest.o
configure:5270: $? = 0
configure:5359: gcc -o conftest -g -O2      conftest.c   >&5
conftest.c: In function 'main':
conftest.c:32: warning: incompatible implicit declaration of built-in function 'exit'
configure:5362: $? = 0
configure:5364: ./conftest
configure:5367: $? = 0
configure:5382: result: yes
configure:5406: checking for sys/types.h
configure:5422: gcc -c -g -O2    conftest.c >&5
configure:5428: $? = 0
configure:5432: test -z 
			 || test ! -s conftest.err
configure:5435: $? = 0
configure:5438: test -s conftest.o
configure:5441: $? = 0
configure:5452: result: yes
configure:5406: checking for sys/stat.h
configure:5422: gcc -c -g -O2    conftest.c >&5
configure:5428: $? = 0
configure:5432: test -z 
			 || test ! -s conftest.err
configure:5435: $? = 0
configure:5438: test -s conftest.o
configure:5441: $? = 0
configure:5452: result: yes
configure:5406: checking for stdlib.h
configure:5422: gcc -c -g -O2    conftest.c >&5
configure:5428: $? = 0
configure:5432: test -z 
			 || test ! -s conftest.err
configure:5435: $? = 0
configure:5438: test -s conftest.o
configure:5441: $? = 0
configure:5452: result: yes
configure:5406: checking for string.h
configure:5422: gcc -c -g -O2    conftest.c >&5
configure:5428: $? = 0
configure:5432: test -z 
			 || test ! -s conftest.err
configure:5435: $? = 0
configure:5438: test -s conftest.o
configure:5441: $? = 0
configure:5452: result: yes
configure:5406: checking for memory.h
configure:5422: gcc -c -g -O2    conftest.c >&5
configure:5428: $? = 0
configure:5432: test -z 
			 || test ! -s conftest.err
configure:5435: $? = 0
configure:5438: test -s conftest.o
configure:5441: $? = 0
configure:5452: result: yes
configure:5406: checking for strings.h
configure:5422: gcc -c -g -O2    conftest.c >&5
configure:5428: $? = 0
configure:5432: test -z 
			 || test ! -s conftest.err
configure:5435: $? = 0
configure:5438: test -s conftest.o
configure:5441: $? = 0
configure:5452: result: yes
configure:5406: checking for inttypes.h
configure:5422: gcc -c -g -O2    conftest.c >&5
configure:5428: $? = 0
configure:5432: test -z 
			 || test ! -s conftest.err
configure:5435: $? = 0
configure:5438: test -s conftest.o
configure:5441: $? = 0
configure:5452: result: yes
configure:5406: checking for stdint.h
configure:5422: gcc -c -g -O2    conftest.c >&5
configure:5428: $? = 0
configure:5432: test -z 
			 || test ! -s conftest.err
configure:5435: $? = 0
configure:5438: test -s conftest.o
configure:5441: $? = 0
configure:5452: result: yes
configure:5406: checking for unistd.h
configure:5422: gcc -c -g -O2    conftest.c >&5
configure:5428: $? = 0
configure:5432: test -z 
			 || test ! -s conftest.err
configure:5435: $? = 0
configure:5438: test -s conftest.o
configure:5441: $? = 0
configure:5452: result: yes
configure:5485: checking arpa/inet.h usability
configure:5497: gcc -c -g -O2    conftest.c >&5
configure:5503: $? = 0
configure:5507: test -z 
			 || test ! -s conftest.err
configure:5510: $? = 0
configure:5513: test -s conftest.o
configure:5516: $? = 0
configure:5526: result: yes
configure:5530: checking arpa/inet.h presence
configure:5540: gcc -E   conftest.c
configure:5546: $? = 0
configure:5566: result: yes
configure:5601: checking for arpa/inet.h
configure:5608: result: yes
configure:5485: checking fcntl.h usability
configure:5497: gcc -c -g -O2    conftest.c >&5
configure:5503: $? = 0
configure:5507: test -z 
			 || test ! -s conftest.err
configure:5510: $? = 0
configure:5513: test -s conftest.o
configure:5516: $? = 0
configure:5526: result: yes
configure:5530: checking fcntl.h presence
configure:5540: gcc -E   conftest.c
configure:5546: $? = 0
configure:5566: result: yes
configure:5601: checking for fcntl.h
configure:5608: result: yes
configure:5485: checking netdb.h usability
configure:5497: gcc -c -g -O2    conftest.c >&5
configure:5503: $? = 0
configure:5507: test -z 
			 || test ! -s conftest.err
configure:5510: $? = 0
configure:5513: test -s conftest.o
configure:5516: $? = 0
configure:5526: result: yes
configure:5530: checking netdb.h presence
configure:5540: gcc -E   conftest.c
configure:5546: $? = 0
configure:5566: result: yes
configure:5601: checking for netdb.h
configure:5608: result: yes
configure:5485: checking netinet/in.h usability
configure:5497: gcc -c -g -O2    conftest.c >&5
configure:5503: $? = 0
configure:5507: test -z 
			 || test ! -s conftest.err
configure:5510: $? = 0
configure:5513: test -s conftest.o
configure:5516: $? = 0
configure:5526: result: yes
configure:5530: checking netinet/in.h presence
configure:5540: gcc -E   conftest.c
configure:5546: $? = 0
configure:5566: result: yes
configure:5601: checking for netinet/in.h
configure:5608: result: yes
configure:5476: checking for strings.h
configure:5481: result: yes
configure:5485: checking sys/socket.h usability
configure:5497: gcc -c -g -O2    conftest.c >&5
configure:5503: $? = 0
configure:5507: test -z 
			 || test ! -s conftest.err
configure:5510: $? = 0
configure:5513: test -s conftest.o
configure:5516: $? = 0
configure:5526: result: yes
configure:5530: checking sys/socket.h presence
configure:5540: gcc -E   conftest.c
configure:5546: $? = 0
configure:5566: result: yes
configure:5601: checking for sys/socket.h
configure:5608: result: yes
configure:5485: checking sys/time.h usability
configure:5497: gcc -c -g -O2    conftest.c >&5
configure:5503: $? = 0
configure:5507: test -z 
			 || test ! -s conftest.err
configure:5510: $? = 0
configure:5513: test -s conftest.o
configure:5516: $? = 0
configure:5526: result: yes
configure:5530: checking sys/time.h presence
configure:5540: gcc -E   conftest.c
configure:5546: $? = 0
configure:5566: result: yes
configure:5601: checking for sys/time.h
configure:5608: result: yes
configure:5476: checking for unistd.h
configure:5481: result: yes
configure:5622: checking whether time.h and sys/time.h may both be included
configure:5647: gcc -c -g -O2    conftest.c >&5
configure:5653: $? = 0
configure:5657: test -z 
			 || test ! -s conftest.err
configure:5660: $? = 0
configure:5663: test -s conftest.o
configure:5666: $? = 0
configure:5677: result: yes
configure:5688: checking for ANSI C header files
configure:5844: result: yes
configure:5854: checking return type of signal handlers
configure:5885: gcc -c -g -O2    conftest.c >&5
configure:5891: $? = 0
configure:5895: test -z 
			 || test ! -s conftest.err
configure:5898: $? = 0
configure:5901: test -s conftest.o
configure:5904: $? = 0
configure:5915: result: void
configure:5930: checking for gethostbyname
configure:6018: result: yes
configure:5930: checking for inet_ntoa
configure:5987: gcc -o conftest -g -O2      conftest.c   >&5
configure:5993: $? = 0
configure:5997: test -z 
			 || test ! -s conftest.err
configure:6000: $? = 0
configure:6003: test -s conftest
configure:6006: $? = 0
configure:6018: result: yes
configure:5930: checking for socket
configure:5987: gcc -o conftest -g -O2      conftest.c   >&5
configure:5993: $? = 0
configure:5997: test -z 
			 || test ! -s conftest.err
configure:6000: $? = 0
configure:6003: test -s conftest
configure:6006: $? = 0
configure:6018: result: yes
configure:5930: checking for strstr
configure:5987: gcc -o conftest -g -O2      conftest.c   >&5
conftest.c:63: warning: conflicting types for built-in function 'strstr'
configure:5993: $? = 0
configure:5997: test -z 
			 || test ! -s conftest.err
configure:6000: $? = 0
configure:6003: test -s conftest
configure:6006: $? = 0
configure:6018: result: yes
configure:6142: creating ./config.status

## ---------------------- ##
## Running config.status. ##
## ---------------------- ##

This file was extended by nebula config.status 0.5, which was
generated by GNU Autoconf 2.59.  Invocation command line was

  CONFIG_FILES    = 
  CONFIG_HEADERS  = 
  CONFIG_LINKS    = 
  CONFIG_COMMANDS = 
  $ ./config.status 

on Caracal

config.status:701: creating Makefile
config.status:805: creating config.h
config.status:949: config.h is unchanged
config.status:1129: executing depfiles commands
configure:7448:
configuration is done.  Type `make' to make Nebula. In case of trouble, please
check the settings in the files generated by `configure' - that is, `config.h' and `Makefile'.

## ---------------- ##
## Cache variables. ##
## ---------------- ##

ac_cv_build=i686-pc-linux-gnu
ac_cv_build_alias=i686-pc-linux-gnu
ac_cv_c_compiler_gnu=yes
ac_cv_env_CC_set=
ac_cv_env_CC_value=
ac_cv_env_CFLAGS_set=
ac_cv_env_CFLAGS_value=
ac_cv_env_CPPFLAGS_set=
ac_cv_env_CPPFLAGS_value=
ac_cv_env_CPP_set=
ac_cv_env_CPP_value=
ac_cv_env_LDFLAGS_set=
ac_cv_env_LDFLAGS_value=
ac_cv_env_build_alias_set=
ac_cv_env_build_alias_value=
ac_cv_env_host_alias_set=
ac_cv_env_host_alias_value=
ac_cv_env_target_alias_set=
ac_cv_env_target_alias_value=
ac_cv_exeext=
ac_cv_func_XmStringCreateLocalized=yes
ac_cv_func_XmStringGenerate=yes
ac_cv_func_connect=yes
ac_cv_func_gethostbyname=yes
ac_cv_func_inet_ntoa=yes
ac_cv_func_remove=yes
ac_cv_func_shmat=yes
ac_cv_func_socket=yes
ac_cv_func_strstr=yes
ac_cv_have_x='have_x=yes 		ac_x_includes= ac_x_libraries='
ac_cv_header_arpa_inet_h=yes
ac_cv_header_fcntl_h=yes
ac_cv_header_inttypes_h=yes
ac_cv_header_memory_h=yes
ac_cv_header_netdb_h=yes
ac_cv_header_netinet_in_h=yes
ac_cv_header_stdc=yes
ac_cv_header_stdint_h=yes
ac_cv_header_stdlib_h=yes
ac_cv_header_string_h=yes
ac_cv_header_strings_h=yes
ac_cv_header_sys_socket_h=yes
ac_cv_header_sys_stat_h=yes
ac_cv_header_sys_time_h=yes
ac_cv_header_sys_types_h=yes
ac_cv_header_time=yes
ac_cv_header_unistd_h=yes
ac_cv_lib_ICE_IceConnectionNumber=yes
ac_cv_lib_PW_regcmp=no
ac_cv_lib_Sgm_SgCreateList=no
ac_cv_lib_X11_XOpenDisplay=yes
ac_cv_lib_Xm_XmCreateOptionMenu=yes
ac_cv_lib_Xt_XtToolkitInitialize=yes
ac_cv_objext=o
ac_cv_path_install='/usr/bin/install -c'
ac_cv_prog_AWK=gawk
ac_cv_prog_CPP='gcc -E'
ac_cv_prog_ac_ct_CC=gcc
ac_cv_prog_cc_g=yes
ac_cv_prog_cc_stdc=
ac_cv_prog_egrep='grep -E'
ac_cv_prog_make_make_set=yes
ac_cv_type_signal=void
am_cv_CC_dependencies_compiler_type=gcc3

## ----------------- ##
## Output variables. ##
## ----------------- ##

ACLOCAL='${SHELL} /mnt/mesa/src/xm/dtextra/nebula-0.5/missing --run aclocal-1.8'
AMDEPBACKSLASH='\'
AMDEP_FALSE='#'
AMDEP_TRUE=''
AMTAR='${SHELL} /mnt/mesa/src/xm/dtextra/nebula-0.5/missing --run tar'
AUTOCONF='${SHELL} /mnt/mesa/src/xm/dtextra/nebula-0.5/missing --run autoconf'
AUTOHEADER='${SHELL} /mnt/mesa/src/xm/dtextra/nebula-0.5/missing --run autoheader'
AUTOMAKE='${SHELL} /mnt/mesa/src/xm/dtextra/nebula-0.5/missing --run automake-1.8'
AWK='gawk'
CC='gcc'
CCDEPMODE='depmode=gcc3'
CFLAGS='-g -O2 '
CPP='gcc -E'
CPPFLAGS=' '
CYGPATH_W='echo'
DEFS='-DHAVE_CONFIG_H'
DEPDIR='.deps'
ECHO_C=''
ECHO_N='-n'
ECHO_T=''
EGREP='grep -E'
EXEEXT=''
INSTALL_DATA='${INSTALL} -m 644'
INSTALL_PROGRAM='${INSTALL}'
INSTALL_SCRIPT='${INSTALL}'
INSTALL_STRIP_PROGRAM='${SHELL} $(install_sh) -c -s'
ISYSTEM='-I'
LDFLAGS=' '
LIBOBJS=''
LIBS='  -lXm -lXt -lX11'
LTLIBOBJS=''
MAKEINFO='${SHELL} /mnt/mesa/src/xm/dtextra/nebula-0.5/missing --run makeinfo'
NEBULA_ARCHOS='(linux-gnu running on i686)'
OBJEXT='o'
PACKAGE='nebula'
PACKAGE_BUGREPORT='rmottola@users.sourceforge.net'
PACKAGE_NAME='nebula'
PACKAGE_STRING='nebula 0.5'
PACKAGE_TARNAME='nebula'
PACKAGE_VERSION='0.5'
PATH_SEPARATOR=':'
SET_MAKE=''
SGM_LIBS=''
SHELL='/bin/sh'
STRIP=''
VERSION='0.5'
X11_LIBS='-lX11'
XM_LIBS='-lXm'
XT_LIBS='-lXt'
X_CFLAGS=''
X_EXTRA_LIBS=''
X_LIBS=''
X_PRE_LIBS=' -lSM -lICE'
ac_ct_CC='gcc'
ac_ct_STRIP=''
am__fastdepCC_FALSE='#'
am__fastdepCC_TRUE=''
am__include='include'
am__leading_dot='.'
am__quote=''
bindir='${exec_prefix}/bin'
build='i686-pc-linux-gnu'
build_alias=''
build_cpu='i686'
build_os='linux-gnu'
build_vendor='pc'
datadir='${prefix}/share'
exec_prefix='${prefix}'
host_alias=''
includedir='${prefix}/include'
infodir='${prefix}/info'
install_sh='/mnt/mesa/src/xm/dtextra/nebula-0.5/install-sh'
libdir='${exec_prefix}/lib'
libexecdir='${exec_prefix}/libexec'
localstatedir='${prefix}/var'
mandir='${prefix}/man'
mkdir_p='mkdir -p -- .'
oldincludedir='/usr/include'
prefix='/usr'
program_transform_name='s,x,x,'
sbindir='${exec_prefix}/sbin'
sharedstatedir='${prefix}/com'
sysconfdir='${prefix}/etc'
target_alias=''

## ----------- ##
## confdefs.h. ##
## ----------- ##

#define ARCHOS "(linux-gnu running on i686)"
#define HAVE_ARPA_INET_H 1
#define HAVE_FCNTL_H 1
#define HAVE_GETHOSTBYNAME 1
#define HAVE_INET_NTOA 1
#define HAVE_INTTYPES_H 1
#define HAVE_MEMORY_H 1
#define HAVE_MOTIF 1
#define HAVE_NETDB_H 1
#define HAVE_NETINET_IN_H 1
#define HAVE_SOCKET 1
#define HAVE_STDINT_H 1
#define HAVE_STDLIB_H 1
#define HAVE_STRINGS_H 1
#define HAVE_STRINGS_H 1
#define HAVE_STRING_H 1
#define HAVE_STRSTR 1
#define HAVE_SYS_SOCKET_H 1
#define HAVE_SYS_STAT_H 1
#define HAVE_SYS_TIME_H 1
#define HAVE_SYS_TYPES_H 1
#define HAVE_UNISTD_H 1
#define HAVE_UNISTD_H 1
#define HAVE_XMSTRINGCREATELOCALIZED 1
#define HAVE_XMSTRINGGENERATE 1
#define PACKAGE "nebula"
#define PACKAGE_BUGREPORT "rmottola@users.sourceforge.net"
#define PACKAGE_NAME "nebula"
#define PACKAGE_STRING "nebula 0.5"
#define PACKAGE_TARNAME "nebula"
#define PACKAGE_VERSION "0.5"
#define RETSIGTYPE void
#define STDC_HEADERS 1
#define STDC_HEADERS 1
#define TIME_WITH_SYS_TIME 1
#define VERSION "0.5"

configure: exit 0
