This file contains any messages produced by compilers while
running configure, to aid debugging if configure makes a mistake.

It was created by configure, which was
generated by GNU Autoconf 2.55.  Invocation command line was

  $ ./configure --prefix=/usr

## --------- ##
## Platform. ##
## --------- ##

hostname = Caracal
uname -m = i686
uname -r = 3.0.0-rc6-tp-3+
uname -s = Linux
uname -v = #3 SMP Wed Jul 6 18:11:29 PDT 2011

/usr/bin/uname -p = unknown
/bin/uname -X     = unknown

/bin/arch              = unknown
/usr/bin/arch -k       = unknown
/usr/convex/getsysinfo = unknown
hostinfo               = unknown
/bin/machine           = unknown
/usr/bin/oslevel       = unknown
/bin/universe          = unknown

PATH: /home/idunham/bin
PATH: /mnt/mesa/bin
PATH: /home/idunham/bin
PATH: /usr/local/bin
PATH: /usr/bin
PATH: /bin
PATH: /usr/local/games
PATH: /usr/games


## ----------- ##
## Core tests. ##
## ----------- ##

configure:1318: checking for a BSD-compatible install
configure:1372: result: /usr/bin/install -c
configure:1383: checking whether build environment is sane
configure:1426: result: yes
configure:1459: checking for gawk
configure:1475: found /usr/bin/gawk
configure:1485: result: gawk
configure:1495: checking whether make sets $(MAKE)
configure:1515: result: yes
configure:1674: checking build system type
configure:1692: result: i686-pc-linux-gnu
configure:1700: checking host system type
configure:1714: result: i686-pc-linux-gnu
configure:2008: checking for gcc
configure:2024: found /usr/bin/gcc
configure:2034: result: gcc
configure:2278: checking for C compiler version
configure:2281: gcc --version </dev/null >&5
gcc (Debian 4.4.5-8) 4.4.5
Copyright (C) 2010 Free Software Foundation, Inc.
This is free software; see the source for copying conditions.  There is NO
warranty; not even for MERCHANTABILITY or FITNESS FOR A PARTICULAR PURPOSE.

configure:2284: $? = 0
configure:2286: gcc -v </dev/null >&5
Using built-in specs.
Target: i486-linux-gnu
Configured with: ../src/configure -v --with-pkgversion='Debian 4.4.5-8' --with-bugurl=file:///usr/share/doc/gcc-4.4/README.Bugs --enable-languages=c,c++,fortran,objc,obj-c++ --prefix=/usr --program-suffix=-4.4 --enable-shared --enable-multiarch --enable-linker-build-id --with-system-zlib --libexecdir=/usr/lib --without-included-gettext --enable-threads=posix --with-gxx-include-dir=/usr/include/c++/4.4 --libdir=/usr/lib --enable-nls --enable-clocale=gnu --enable-libstdcxx-debug --enable-objc-gc --enable-targets=all --with-arch-32=i586 --with-tune=generic --enable-checking=release --build=i486-linux-gnu --host=i486-linux-gnu --target=i486-linux-gnu
Thread model: posix
gcc version 4.4.5 (Debian 4.4.5-8) 
configure:2289: $? = 0
configure:2291: gcc -V </dev/null >&5
gcc: '-V' option must have argument
configure:2294: $? = 1
configure:2318: checking for C compiler default output
configure:2321: gcc    conftest.c  >&5
configure:2324: $? = 0
configure:2370: result: a.out
configure:2375: checking whether the C compiler works
configure:2381: ./a.out
configure:2384: $? = 0
configure:2401: result: yes
configure:2408: checking whether we are cross compiling
configure:2410: result: no
configure:2413: checking for suffix of executables
configure:2415: gcc -o conftest    conftest.c  >&5
configure:2418: $? = 0
configure:2443: result: 
configure:2449: checking for suffix of object files
configure:2471: gcc -c   conftest.c >&5
configure:2474: $? = 0
configure:2496: result: o
configure:2500: checking whether we are using the GNU C compiler
configure:2525: gcc -c   conftest.c >&5
configure:2528: $? = 0
configure:2531: test -s conftest.o
configure:2534: $? = 0
configure:2547: result: yes
configure:2553: checking whether gcc accepts -g
configure:2575: gcc -c -g  conftest.c >&5
configure:2578: $? = 0
configure:2581: test -s conftest.o
configure:2584: $? = 0
configure:2595: result: yes
configure:2612: checking for gcc option to accept ANSI C
configure:2673: gcc  -c -g -O2  conftest.c >&5
configure:2676: $? = 0
configure:2679: test -s conftest.o
configure:2682: $? = 0
configure:2700: result: none needed
configure:2718: gcc -c -g -O2  conftest.c >&5
conftest.c:2: error: expected '=', ',', ';', 'asm' or '__attribute__' before 'me'
configure:2721: $? = 1
configure: failed program was:
| #ifndef __cplusplus
|   choke me
| #endif
configure:2849: checking for style of include used by make
configure:2877: result: GNU
configure:2905: checking dependency style of gcc
configure:2967: result: gcc3
configure:2978: checking how to run the C preprocessor
configure:3008: gcc -E  conftest.c
configure:3014: $? = 0
configure:3046: gcc -E  conftest.c
configure:3047:28: error: ac_nonexistent.h: No such file or directory
configure:3052: $? = 1
configure: failed program was:
| #line 3037 "configure"
| /* confdefs.h.  */
| 
| #define PACKAGE_NAME ""
| #define PACKAGE_TARNAME ""
| #define PACKAGE_VERSION ""
| #define PACKAGE_STRING ""
| #define PACKAGE_BUGREPORT ""
| #define PACKAGE "xps"
| #define VERSION "4.2"
| /* end confdefs.h.  */
| #include <ac_nonexistent.h>
configure:3090: result: gcc -E
configure:3109: gcc -E  conftest.c
configure:3115: $? = 0
configure:3147: gcc -E  conftest.c
configure:3148:28: error: ac_nonexistent.h: No such file or directory
configure:3153: $? = 1
configure: failed program was:
| #line 3138 "configure"
| /* confdefs.h.  */
| 
| #define PACKAGE_NAME ""
| #define PACKAGE_TARNAME ""
| #define PACKAGE_VERSION ""
| #define PACKAGE_STRING ""
| #define PACKAGE_BUGREPORT ""
| #define PACKAGE "xps"
| #define VERSION "4.2"
| /* end confdefs.h.  */
| #include <ac_nonexistent.h>
configure:3196: checking for egrep
configure:3206: result: grep -E
configure:3212: checking for AIX
configure:3235: result: no
configure:3253: checking for a BSD-compatible install
configure:3307: result: /usr/bin/install -c
configure:3320: checking for rpmbuild
configure:3351: result: /bin/true
configure:3358: checking whether ln -s works
configure:3362: result: yes
configure:3369: checking whether make sets $(MAKE)
configure:3389: result: yes
configure:3407: checking for dirent.h that defines DIR
configure:3432: gcc -c -g -O2  conftest.c >&5
configure:3435: $? = 0
configure:3438: test -s conftest.o
configure:3441: $? = 0
configure:3452: result: yes
configure:3465: checking for library containing opendir
configure:3496: gcc -o conftest -g -O2   conftest.c  >&5
configure:3499: $? = 0
configure:3502: test -s conftest
configure:3505: $? = 0
configure:3564: result: none required
configure:3680: checking for ANSI C header files
configure:3706: gcc -c -g -O2  conftest.c >&5
configure:3709: $? = 0
configure:3712: test -s conftest.o
configure:3715: $? = 0
configure:3807: gcc -o conftest -g -O2   conftest.c  >&5
configure: In function 'main':
configure:3803: warning: incompatible implicit declaration of built-in function 'exit'
configure:3810: $? = 0
configure:3812: ./conftest
configure:3815: $? = 0
configure:3830: result: yes
configure:3855: checking for sys/types.h
configure:3872: gcc -c -g -O2  conftest.c >&5
configure:3875: $? = 0
configure:3878: test -s conftest.o
configure:3881: $? = 0
configure:3892: result: yes
configure:3855: checking for sys/stat.h
configure:3872: gcc -c -g -O2  conftest.c >&5
configure:3875: $? = 0
configure:3878: test -s conftest.o
configure:3881: $? = 0
configure:3892: result: yes
configure:3855: checking for stdlib.h
configure:3872: gcc -c -g -O2  conftest.c >&5
configure:3875: $? = 0
configure:3878: test -s conftest.o
configure:3881: $? = 0
configure:3892: result: yes
configure:3855: checking for string.h
configure:3872: gcc -c -g -O2  conftest.c >&5
configure:3875: $? = 0
configure:3878: test -s conftest.o
configure:3881: $? = 0
configure:3892: result: yes
configure:3855: checking for memory.h
configure:3872: gcc -c -g -O2  conftest.c >&5
configure:3875: $? = 0
configure:3878: test -s conftest.o
configure:3881: $? = 0
configure:3892: result: yes
configure:3855: checking for strings.h
configure:3872: gcc -c -g -O2  conftest.c >&5
configure:3875: $? = 0
configure:3878: test -s conftest.o
configure:3881: $? = 0
configure:3892: result: yes
configure:3855: checking for inttypes.h
configure:3872: gcc -c -g -O2  conftest.c >&5
configure:3875: $? = 0
configure:3878: test -s conftest.o
configure:3881: $? = 0
configure:3892: result: yes
configure:3855: checking for stdint.h
configure:3872: gcc -c -g -O2  conftest.c >&5
configure:3875: $? = 0
configure:3878: test -s conftest.o
configure:3881: $? = 0
configure:3892: result: yes
configure:3855: checking for unistd.h
configure:3872: gcc -c -g -O2  conftest.c >&5
configure:3875: $? = 0
configure:3878: test -s conftest.o
configure:3881: $? = 0
configure:3892: result: yes
configure:3935: checking errno.h usability
configure:3948: gcc -c -g -O2  conftest.c >&5
configure:3951: $? = 0
configure:3954: test -s conftest.o
configure:3957: $? = 0
configure:3967: result: yes
configure:3971: checking errno.h presence
configure:3982: gcc -E  conftest.c
configure:3988: $? = 0
configure:4007: result: yes
configure:4043: checking for errno.h
configure:4050: result: yes
configure:3935: checking fcntl.h usability
configure:3948: gcc -c -g -O2  conftest.c >&5
configure:3951: $? = 0
configure:3954: test -s conftest.o
configure:3957: $? = 0
configure:3967: result: yes
configure:3971: checking fcntl.h presence
configure:3982: gcc -E  conftest.c
configure:3988: $? = 0
configure:4007: result: yes
configure:4043: checking for fcntl.h
configure:4050: result: yes
configure:3935: checking limits.h usability
configure:3948: gcc -c -g -O2  conftest.c >&5
configure:3951: $? = 0
configure:3954: test -s conftest.o
configure:3957: $? = 0
configure:3967: result: yes
configure:3971: checking limits.h presence
configure:3982: gcc -E  conftest.c
configure:3988: $? = 0
configure:4007: result: yes
configure:4043: checking for limits.h
configure:4050: result: yes
configure:3935: checking malloc.h usability
configure:3948: gcc -c -g -O2  conftest.c >&5
configure:3951: $? = 0
configure:3954: test -s conftest.o
configure:3957: $? = 0
configure:3967: result: yes
configure:3971: checking malloc.h presence
configure:3982: gcc -E  conftest.c
configure:3988: $? = 0
configure:4007: result: yes
configure:4043: checking for malloc.h
configure:4050: result: yes
configure:3935: checking nlist.h usability
configure:3948: gcc -c -g -O2  conftest.c >&5
configure:3951: $? = 0
configure:3954: test -s conftest.o
configure:3957: $? = 0
configure:3967: result: yes
configure:3971: checking nlist.h presence
configure:3982: gcc -E  conftest.c
configure:3988: $? = 0
configure:4007: result: yes
configure:4043: checking for nlist.h
configure:4050: result: yes
configure:3935: checking pwd.h usability
configure:3948: gcc -c -g -O2  conftest.c >&5
configure:3951: $? = 0
configure:3954: test -s conftest.o
configure:3957: $? = 0
configure:3967: result: yes
configure:3971: checking pwd.h presence
configure:3982: gcc -E  conftest.c
configure:3988: $? = 0
configure:4007: result: yes
configure:4043: checking for pwd.h
configure:4050: result: yes
configure:3935: checking signal.h usability
configure:3948: gcc -c -g -O2  conftest.c >&5
configure:3951: $? = 0
configure:3954: test -s conftest.o
configure:3957: $? = 0
configure:3967: result: yes
configure:3971: checking signal.h presence
configure:3982: gcc -E  conftest.c
configure:3988: $? = 0
configure:4007: result: yes
configure:4043: checking for signal.h
configure:4050: result: yes
configure:3926: checking for stdlib.h
configure:3931: result: yes
configure:3926: checking for string.h
configure:3931: result: yes
configure:3935: checking sys/param.h usability
configure:3948: gcc -c -g -O2  conftest.c >&5
configure:3951: $? = 0
configure:3954: test -s conftest.o
configure:3957: $? = 0
configure:3967: result: yes
configure:3971: checking sys/param.h presence
configure:3982: gcc -E  conftest.c
configure:3988: $? = 0
configure:4007: result: yes
configure:4043: checking for sys/param.h
configure:4050: result: yes
configure:3935: checking regex.h usability
configure:3948: gcc -c -g -O2  conftest.c >&5
configure:3951: $? = 0
configure:3954: test -s conftest.o
configure:3957: $? = 0
configure:3967: result: yes
configure:3971: checking regex.h presence
configure:3982: gcc -E  conftest.c
configure:3988: $? = 0
configure:4007: result: yes
configure:4043: checking for regex.h
configure:4050: result: yes
configure:3935: checking sys/resource.h usability
configure:3948: gcc -c -g -O2  conftest.c >&5
configure:3951: $? = 0
configure:3954: test -s conftest.o
configure:3957: $? = 0
configure:3967: result: yes
configure:3971: checking sys/resource.h presence
configure:3982: gcc -E  conftest.c
configure:3988: $? = 0
configure:4007: result: yes
configure:4043: checking for sys/resource.h
configure:4050: result: yes
configure:3935: checking sys/time.h usability
configure:3948: gcc -c -g -O2  conftest.c >&5
configure:3951: $? = 0
configure:3954: test -s conftest.o
configure:3957: $? = 0
configure:3967: result: yes
configure:3971: checking sys/time.h presence
configure:3982: gcc -E  conftest.c
configure:3988: $? = 0
configure:4007: result: yes
configure:4043: checking for sys/time.h
configure:4050: result: yes
configure:3935: checking sys/vfs.h usability
configure:3948: gcc -c -g -O2  conftest.c >&5
configure:3951: $? = 0
configure:3954: test -s conftest.o
configure:3957: $? = 0
configure:3967: result: yes
configure:3971: checking sys/vfs.h presence
configure:3982: gcc -E  conftest.c
configure:3988: $? = 0
configure:4007: result: yes
configure:4043: checking for sys/vfs.h
configure:4050: result: yes
configure:3926: checking for unistd.h
configure:3931: result: yes
configure:3935: checking usersec.h usability
configure:3948: gcc -c -g -O2  conftest.c >&5
configure:4007:21: error: usersec.h: No such file or directory
configure:3951: $? = 1
configure: failed program was:
| #line 3937 "configure"
| /* confdefs.h.  */
| 
| #define PACKAGE_NAME ""
| #define PACKAGE_TARNAME ""
| #define PACKAGE_VERSION ""
| #define PACKAGE_STRING ""
| #define PACKAGE_BUGREPORT ""
| #define PACKAGE "xps"
| #define VERSION "4.2"
| #define HAVE_DIRENT_H 1
| #define STDC_HEADERS 1
| #define HAVE_SYS_TYPES_H 1
| #define HAVE_SYS_STAT_H 1
| #define HAVE_STDLIB_H 1
| #define HAVE_STRING_H 1
| #define HAVE_MEMORY_H 1
| #define HAVE_STRINGS_H 1
| #define HAVE_INTTYPES_H 1
| #define HAVE_STDINT_H 1
| #define HAVE_UNISTD_H 1
| #define HAVE_ERRNO_H 1
| #define HAVE_FCNTL_H 1
| #define HAVE_LIMITS_H 1
| #define HAVE_MALLOC_H 1
| #define HAVE_NLIST_H 1
| #define HAVE_PWD_H 1
| #define HAVE_SIGNAL_H 1
| #define HAVE_STDLIB_H 1
| #define HAVE_STRING_H 1
| #define HAVE_SYS_PARAM_H 1
| #define HAVE_REGEX_H 1
| #define HAVE_SYS_RESOURCE_H 1
| #define HAVE_SYS_TIME_H 1
| #define HAVE_SYS_VFS_H 1
| #define HAVE_UNISTD_H 1
| /* end confdefs.h.  */
| #include <stdio.h>
| #if HAVE_SYS_TYPES_H
| # include <sys/types.h>
| #endif
| #if HAVE_SYS_STAT_H
| # include <sys/stat.h>
| #endif
| #if STDC_HEADERS
| # include <stdlib.h>
| # include <stddef.h>
| #else
| # if HAVE_STDLIB_H
| #  include <stdlib.h>
| # endif
| #endif
| #if HAVE_STRING_H
| # if !STDC_HEADERS && HAVE_MEMORY_H
| #  include <memory.h>
| # endif
| # include <string.h>
| #endif
| #if HAVE_STRINGS_H
| # include <strings.h>
| #endif
| #if HAVE_INTTYPES_H
| # include <inttypes.h>
| #else
| # if HAVE_STDINT_H
| #  include <stdint.h>
| # endif
| #endif
| #if HAVE_UNISTD_H
| # include <unistd.h>
| #endif
| #include <usersec.h>
configure:3967: result: no
configure:3971: checking usersec.h presence
configure:3982: gcc -E  conftest.c
configure:4009:21: error: usersec.h: No such file or directory
configure:3988: $? = 1
configure: failed program was:
| #line 3973 "configure"
| /* confdefs.h.  */
| 
| #define PACKAGE_NAME ""
| #define PACKAGE_TARNAME ""
| #define PACKAGE_VERSION ""
| #define PACKAGE_STRING ""
| #define PACKAGE_BUGREPORT ""
| #define PACKAGE "xps"
| #define VERSION "4.2"
| #define HAVE_DIRENT_H 1
| #define STDC_HEADERS 1
| #define HAVE_SYS_TYPES_H 1
| #define HAVE_SYS_STAT_H 1
| #define HAVE_STDLIB_H 1
| #define HAVE_STRING_H 1
| #define HAVE_MEMORY_H 1
| #define HAVE_STRINGS_H 1
| #define HAVE_INTTYPES_H 1
| #define HAVE_STDINT_H 1
| #define HAVE_UNISTD_H 1
| #define HAVE_ERRNO_H 1
| #define HAVE_FCNTL_H 1
| #define HAVE_LIMITS_H 1
| #define HAVE_MALLOC_H 1
| #define HAVE_NLIST_H 1
| #define HAVE_PWD_H 1
| #define HAVE_SIGNAL_H 1
| #define HAVE_STDLIB_H 1
| #define HAVE_STRING_H 1
| #define HAVE_SYS_PARAM_H 1
| #define HAVE_REGEX_H 1
| #define HAVE_SYS_RESOURCE_H 1
| #define HAVE_SYS_TIME_H 1
| #define HAVE_SYS_VFS_H 1
| #define HAVE_UNISTD_H 1
| /* end confdefs.h.  */
| #include <usersec.h>
configure:4007: result: no
configure:4043: checking for usersec.h
configure:4050: result: no
configure:4065: checking for X11 includes
configure:4085: result: 
configure:4090: checking for an ANSI C-conforming const
configure:4158: gcc -c -g -O2   conftest.c >&5
configure:4161: $? = 0
configure:4164: test -s conftest.o
configure:4167: $? = 0
configure:4178: result: yes
configure:4188: checking for inline
configure:4210: gcc -c -g -O2   conftest.c >&5
configure:4213: $? = 0
configure:4216: test -s conftest.o
configure:4219: $? = 0
configure:4231: result: inline
configure:4246: checking for pid_t
configure:4271: gcc -c -g -O2   conftest.c >&5
configure:4274: $? = 0
configure:4277: test -s conftest.o
configure:4280: $? = 0
configure:4291: result: yes
configure:4303: checking for size_t
configure:4328: gcc -c -g -O2   conftest.c >&5
configure:4331: $? = 0
configure:4334: test -s conftest.o
configure:4337: $? = 0
configure:4348: result: yes
configure:4360: checking for uid_t in sys/types.h
configure:4384: result: yes
configure:4527: checking linux/tasks.h usability
configure:4540: gcc -c -g -O2   conftest.c >&5
configure:4599:25: error: linux/tasks.h: No such file or directory
configure:4543: $? = 1
configure: failed program was:
| #line 4529 "configure"
| /* confdefs.h.  */
| 
| #define PACKAGE_NAME ""
| #define PACKAGE_TARNAME ""
| #define PACKAGE_VERSION ""
| #define PACKAGE_STRING ""
| #define PACKAGE_BUGREPORT ""
| #define PACKAGE "xps"
| #define VERSION "4.2"
| #define HAVE_DIRENT_H 1
| #define STDC_HEADERS 1
| #define HAVE_SYS_TYPES_H 1
| #define HAVE_SYS_STAT_H 1
| #define HAVE_STDLIB_H 1
| #define HAVE_STRING_H 1
| #define HAVE_MEMORY_H 1
| #define HAVE_STRINGS_H 1
| #define HAVE_INTTYPES_H 1
| #define HAVE_STDINT_H 1
| #define HAVE_UNISTD_H 1
| #define HAVE_ERRNO_H 1
| #define HAVE_FCNTL_H 1
| #define HAVE_LIMITS_H 1
| #define HAVE_MALLOC_H 1
| #define HAVE_NLIST_H 1
| #define HAVE_PWD_H 1
| #define HAVE_SIGNAL_H 1
| #define HAVE_STDLIB_H 1
| #define HAVE_STRING_H 1
| #define HAVE_SYS_PARAM_H 1
| #define HAVE_REGEX_H 1
| #define HAVE_SYS_RESOURCE_H 1
| #define HAVE_SYS_TIME_H 1
| #define HAVE_SYS_VFS_H 1
| #define HAVE_UNISTD_H 1
| /* end confdefs.h.  */
| #include <stdio.h>
| #if HAVE_SYS_TYPES_H
| # include <sys/types.h>
| #endif
| #if HAVE_SYS_STAT_H
| # include <sys/stat.h>
| #endif
| #if STDC_HEADERS
| # include <stdlib.h>
| # include <stddef.h>
| #else
| # if HAVE_STDLIB_H
| #  include <stdlib.h>
| # endif
| #endif
| #if HAVE_STRING_H
| # if !STDC_HEADERS && HAVE_MEMORY_H
| #  include <memory.h>
| # endif
| # include <string.h>
| #endif
| #if HAVE_STRINGS_H
| # include <strings.h>
| #endif
| #if HAVE_INTTYPES_H
| # include <inttypes.h>
| #else
| # if HAVE_STDINT_H
| #  include <stdint.h>
| # endif
| #endif
| #if HAVE_UNISTD_H
| # include <unistd.h>
| #endif
| #include <linux/tasks.h>
configure:4559: result: no
configure:4563: checking linux/tasks.h presence
configure:4574: gcc -E   conftest.c
configure:4601:25: error: linux/tasks.h: No such file or directory
configure:4580: $? = 1
configure: failed program was:
| #line 4565 "configure"
| /* confdefs.h.  */
| 
| #define PACKAGE_NAME ""
| #define PACKAGE_TARNAME ""
| #define PACKAGE_VERSION ""
| #define PACKAGE_STRING ""
| #define PACKAGE_BUGREPORT ""
| #define PACKAGE "xps"
| #define VERSION "4.2"
| #define HAVE_DIRENT_H 1
| #define STDC_HEADERS 1
| #define HAVE_SYS_TYPES_H 1
| #define HAVE_SYS_STAT_H 1
| #define HAVE_STDLIB_H 1
| #define HAVE_STRING_H 1
| #define HAVE_MEMORY_H 1
| #define HAVE_STRINGS_H 1
| #define HAVE_INTTYPES_H 1
| #define HAVE_STDINT_H 1
| #define HAVE_UNISTD_H 1
| #define HAVE_ERRNO_H 1
| #define HAVE_FCNTL_H 1
| #define HAVE_LIMITS_H 1
| #define HAVE_MALLOC_H 1
| #define HAVE_NLIST_H 1
| #define HAVE_PWD_H 1
| #define HAVE_SIGNAL_H 1
| #define HAVE_STDLIB_H 1
| #define HAVE_STRING_H 1
| #define HAVE_SYS_PARAM_H 1
| #define HAVE_REGEX_H 1
| #define HAVE_SYS_RESOURCE_H 1
| #define HAVE_SYS_TIME_H 1
| #define HAVE_SYS_VFS_H 1
| #define HAVE_UNISTD_H 1
| /* end confdefs.h.  */
| #include <linux/tasks.h>
configure:4599: result: no
configure:4635: checking for linux/tasks.h
configure:4642: result: no
configure:4664: checking for X
configure:4770: gcc -E   conftest.c
configure:4776: $? = 0
configure:4826: gcc -o conftest -g -O2    conftest.c -lXt  >&5
configure:4829: $? = 0
configure:4832: test -s conftest
configure:4835: $? = 0
configure:4884: result: libraries , headers 
configure:5037: gcc -o conftest -g -O2    conftest.c   -lX11 >&5
configure:5040: $? = 0
configure:5043: test -s conftest
configure:5046: $? = 0
configure:5183: checking for gethostbyname
configure:5227: gcc -o conftest -g -O2    conftest.c  >&5
configure:5230: $? = 0
configure:5233: test -s conftest
configure:5236: $? = 0
configure:5247: result: yes
configure:5378: checking for connect
configure:5422: gcc -o conftest -g -O2    conftest.c  >&5
configure:5425: $? = 0
configure:5428: test -s conftest
configure:5431: $? = 0
configure:5442: result: yes
configure:5507: checking for remove
configure:5551: gcc -o conftest -g -O2    conftest.c  >&5
configure:5554: $? = 0
configure:5557: test -s conftest
configure:5560: $? = 0
configure:5571: result: yes
configure:5636: checking for shmat
configure:5680: gcc -o conftest -g -O2    conftest.c  >&5
configure:5683: $? = 0
configure:5686: test -s conftest
configure:5689: $? = 0
configure:5700: result: yes
configure:5774: checking for IceConnectionNumber in -lICE
configure:5805: gcc -o conftest -g -O2    conftest.c -lICE   >&5
configure:5808: $? = 0
configure:5811: test -s conftest
configure:5814: $? = 0
configure:5826: result: yes
configure:5852: checking Xm/Xm.h usability
configure:5865: gcc -c -g -O2   -I${prefix}/include  conftest.c >&5
configure:5868: $? = 0
configure:5871: test -s conftest.o
configure:5874: $? = 0
configure:5884: result: yes
configure:5888: checking Xm/Xm.h presence
configure:5899: gcc -E   -I${prefix}/include  conftest.c
configure:5905: $? = 0
configure:5924: result: yes
configure:5960: checking for Xm/Xm.h
configure:5967: result: yes
configure:5991: checking for X11/Xmu/Editres.h
configure:6009: gcc -c -g -O2   -I${prefix}/include  conftest.c >&5
configure:6012: $? = 0
configure:6015: test -s conftest.o
configure:6018: $? = 0
configure:6029: result: yes
configure:6035: checking for X11 app-defaults
configure:6060: result: /usr/lib/X11/app-defaults
configure:6064: checking for IDtouser in -ls
configure:6095: gcc -o conftest -g -O2    conftest.c -ls   >&5
/usr/bin/ld: cannot find -ls
collect2: ld returned 1 exit status
configure:6098: $? = 1
configure: failed program was:
| #line 6071 "configure"
| /* confdefs.h.  */
| 
| #define PACKAGE_NAME ""
| #define PACKAGE_TARNAME ""
| #define PACKAGE_VERSION ""
| #define PACKAGE_STRING ""
| #define PACKAGE_BUGREPORT ""
| #define PACKAGE "xps"
| #define VERSION "4.2"
| #define HAVE_DIRENT_H 1
| #define STDC_HEADERS 1
| #define HAVE_SYS_TYPES_H 1
| #define HAVE_SYS_STAT_H 1
| #define HAVE_STDLIB_H 1
| #define HAVE_STRING_H 1
| #define HAVE_MEMORY_H 1
| #define HAVE_STRINGS_H 1
| #define HAVE_INTTYPES_H 1
| #define HAVE_STDINT_H 1
| #define HAVE_UNISTD_H 1
| #define HAVE_ERRNO_H 1
| #define HAVE_FCNTL_H 1
| #define HAVE_LIMITS_H 1
| #define HAVE_MALLOC_H 1
| #define HAVE_NLIST_H 1
| #define HAVE_PWD_H 1
| #define HAVE_SIGNAL_H 1
| #define HAVE_STDLIB_H 1
| #define HAVE_STRING_H 1
| #define HAVE_SYS_PARAM_H 1
| #define HAVE_REGEX_H 1
| #define HAVE_SYS_RESOURCE_H 1
| #define HAVE_SYS_TIME_H 1
| #define HAVE_SYS_VFS_H 1
| #define HAVE_UNISTD_H 1
| /* end confdefs.h.  */
| 
| /* Override any gcc2 internal prototype to avoid an error.  */
| #ifdef __cplusplus
| extern "C"
| #endif
| /* We use char because int might match the return type of a gcc2
|    builtin and then its argument prototype would still apply.  */
| char IDtouser ();
| int
| main ()
| {
| IDtouser ();
|   ;
|   return 0;
| }
configure:6116: result: no
configure:6128: checking for elf_begin in -lelf
configure:6159: gcc -o conftest -g -O2    conftest.c -lelf   >&5
configure:6162: $? = 0
configure:6165: test -s conftest
configure:6168: $? = 0
configure:6180: result: yes
configure:6186: checking for kvm_open in -lkvm
configure:6217: gcc -o conftest -g -O2    conftest.c -lkvm  -lelf  >&5
/usr/bin/ld: cannot find -lkvm
collect2: ld returned 1 exit status
configure:6220: $? = 1
configure: failed program was:
| #line 6193 "configure"
| /* confdefs.h.  */
| 
| #define PACKAGE_NAME ""
| #define PACKAGE_TARNAME ""
| #define PACKAGE_VERSION ""
| #define PACKAGE_STRING ""
| #define PACKAGE_BUGREPORT ""
| #define PACKAGE "xps"
| #define VERSION "4.2"
| #define HAVE_DIRENT_H 1
| #define STDC_HEADERS 1
| #define HAVE_SYS_TYPES_H 1
| #define HAVE_SYS_STAT_H 1
| #define HAVE_STDLIB_H 1
| #define HAVE_STRING_H 1
| #define HAVE_MEMORY_H 1
| #define HAVE_STRINGS_H 1
| #define HAVE_INTTYPES_H 1
| #define HAVE_STDINT_H 1
| #define HAVE_UNISTD_H 1
| #define HAVE_ERRNO_H 1
| #define HAVE_FCNTL_H 1
| #define HAVE_LIMITS_H 1
| #define HAVE_MALLOC_H 1
| #define HAVE_NLIST_H 1
| #define HAVE_PWD_H 1
| #define HAVE_SIGNAL_H 1
| #define HAVE_STDLIB_H 1
| #define HAVE_STRING_H 1
| #define HAVE_SYS_PARAM_H 1
| #define HAVE_REGEX_H 1
| #define HAVE_SYS_RESOURCE_H 1
| #define HAVE_SYS_TIME_H 1
| #define HAVE_SYS_VFS_H 1
| #define HAVE_UNISTD_H 1
| /* end confdefs.h.  */
| 
| /* Override any gcc2 internal prototype to avoid an error.  */
| #ifdef __cplusplus
| extern "C"
| #endif
| /* We use char because int might match the return type of a gcc2
|    builtin and then its argument prototype would still apply.  */
| char kvm_open ();
| int
| main ()
| {
| kvm_open ();
|   ;
|   return 0;
| }
configure:6238: result: no
configure:6245: checking for kstat_open in -lkstat
configure:6276: gcc -o conftest -g -O2    conftest.c -lkstat  -lelf  >&5
/usr/bin/ld: cannot find -lkstat
collect2: ld returned 1 exit status
configure:6279: $? = 1
configure: failed program was:
| #line 6252 "configure"
| /* confdefs.h.  */
| 
| #define PACKAGE_NAME ""
| #define PACKAGE_TARNAME ""
| #define PACKAGE_VERSION ""
| #define PACKAGE_STRING ""
| #define PACKAGE_BUGREPORT ""
| #define PACKAGE "xps"
| #define VERSION "4.2"
| #define HAVE_DIRENT_H 1
| #define STDC_HEADERS 1
| #define HAVE_SYS_TYPES_H 1
| #define HAVE_SYS_STAT_H 1
| #define HAVE_STDLIB_H 1
| #define HAVE_STRING_H 1
| #define HAVE_MEMORY_H 1
| #define HAVE_STRINGS_H 1
| #define HAVE_INTTYPES_H 1
| #define HAVE_STDINT_H 1
| #define HAVE_UNISTD_H 1
| #define HAVE_ERRNO_H 1
| #define HAVE_FCNTL_H 1
| #define HAVE_LIMITS_H 1
| #define HAVE_MALLOC_H 1
| #define HAVE_NLIST_H 1
| #define HAVE_PWD_H 1
| #define HAVE_SIGNAL_H 1
| #define HAVE_STDLIB_H 1
| #define HAVE_STRING_H 1
| #define HAVE_SYS_PARAM_H 1
| #define HAVE_REGEX_H 1
| #define HAVE_SYS_RESOURCE_H 1
| #define HAVE_SYS_TIME_H 1
| #define HAVE_SYS_VFS_H 1
| #define HAVE_UNISTD_H 1
| /* end confdefs.h.  */
| 
| /* Override any gcc2 internal prototype to avoid an error.  */
| #ifdef __cplusplus
| extern "C"
| #endif
| /* We use char because int might match the return type of a gcc2
|    builtin and then its argument prototype would still apply.  */
| char kstat_open ();
| int
| main ()
| {
| kstat_open ();
|   ;
|   return 0;
| }
configure:6297: result: no
configure:6305: checking whether gcc needs -traditional
configure:6349: result: no
configure:6356: checking whether lstat dereferences a symlink specified with a trailing slash
configure:6388: gcc -o conftest -g -O2    conftest.c -lelf  >&5
configure:6391: $? = 0
configure:6393: ./conftest
configure:6396: $? = 0
configure:6417: result: yes
configure:6431: checking whether stat accepts an empty string
configure:6457: gcc -o conftest -g -O2    conftest.c -lelf  >&5
configure:6460: $? = 0
configure:6462: ./conftest
configure:6465: $? = 1
configure: program exited with status 1
configure: failed program was:
| #line 6439 "configure"
| /* confdefs.h.  */
| 
| #define PACKAGE_NAME ""
| #define PACKAGE_TARNAME ""
| #define PACKAGE_VERSION ""
| #define PACKAGE_STRING ""
| #define PACKAGE_BUGREPORT ""
| #define PACKAGE "xps"
| #define VERSION "4.2"
| #define HAVE_DIRENT_H 1
| #define STDC_HEADERS 1
| #define HAVE_SYS_TYPES_H 1
| #define HAVE_SYS_STAT_H 1
| #define HAVE_STDLIB_H 1
| #define HAVE_STRING_H 1
| #define HAVE_MEMORY_H 1
| #define HAVE_STRINGS_H 1
| #define HAVE_INTTYPES_H 1
| #define HAVE_STDINT_H 1
| #define HAVE_UNISTD_H 1
| #define HAVE_ERRNO_H 1
| #define HAVE_FCNTL_H 1
| #define HAVE_LIMITS_H 1
| #define HAVE_MALLOC_H 1
| #define HAVE_NLIST_H 1
| #define HAVE_PWD_H 1
| #define HAVE_SIGNAL_H 1
| #define HAVE_STDLIB_H 1
| #define HAVE_STRING_H 1
| #define HAVE_SYS_PARAM_H 1
| #define HAVE_REGEX_H 1
| #define HAVE_SYS_RESOURCE_H 1
| #define HAVE_SYS_TIME_H 1
| #define HAVE_SYS_VFS_H 1
| #define HAVE_UNISTD_H 1
| #define LSTAT_FOLLOWS_SLASHED_SYMLINK 1
| /* end confdefs.h.  */
| #include <stdio.h>
| #if HAVE_SYS_TYPES_H
| # include <sys/types.h>
| #endif
| #if HAVE_SYS_STAT_H
| # include <sys/stat.h>
| #endif
| #if STDC_HEADERS
| # include <stdlib.h>
| # include <stddef.h>
| #else
| # if HAVE_STDLIB_H
| #  include <stdlib.h>
| # endif
| #endif
| #if HAVE_STRING_H
| # if !STDC_HEADERS && HAVE_MEMORY_H
| #  include <memory.h>
| # endif
| # include <string.h>
| #endif
| #if HAVE_STRINGS_H
| # include <strings.h>
| #endif
| #if HAVE_INTTYPES_H
| # include <inttypes.h>
| #else
| # if HAVE_STDINT_H
| #  include <stdint.h>
| # endif
| #endif
| #if HAVE_UNISTD_H
| # include <unistd.h>
| #endif
| int
| main ()
| {
| struct stat sbuf;
|   exit (stat ("", &sbuf) ? 1 : 0);
|   ;
|   return 0;
| }
configure:6479: result: no
configure:6505: checking for gethostname
configure:6549: gcc -o conftest -g -O2    conftest.c -lelf  >&5
configure:6552: $? = 0
configure:6555: test -s conftest
configure:6558: $? = 0
configure:6569: result: yes
configure:6505: checking for getloadavg
configure:6549: gcc -o conftest -g -O2    conftest.c -lelf  >&5
configure:6552: $? = 0
configure:6555: test -s conftest
configure:6558: $? = 0
configure:6569: result: yes
configure:6505: checking for kill
configure:6549: gcc -o conftest -g -O2    conftest.c -lelf  >&5
configure:6552: $? = 0
configure:6555: test -s conftest
configure:6558: $? = 0
configure:6569: result: yes
configure:6505: checking for memset
configure:6549: gcc -o conftest -g -O2    conftest.c -lelf  >&5
configure:6560: warning: conflicting types for built-in function 'memset'
configure:6552: $? = 0
configure:6555: test -s conftest
configure:6558: $? = 0
configure:6569: result: yes
configure:6505: checking for getpriority
configure:6549: gcc -o conftest -g -O2    conftest.c -lelf  >&5
configure:6552: $? = 0
configure:6555: test -s conftest
configure:6558: $? = 0
configure:6569: result: yes
configure:6505: checking for regcomp
configure:6549: gcc -o conftest -g -O2    conftest.c -lelf  >&5
configure:6552: $? = 0
configure:6555: test -s conftest
configure:6558: $? = 0
configure:6569: result: yes
configure:6505: checking for regexec
configure:6549: gcc -o conftest -g -O2    conftest.c -lelf  >&5
configure:6552: $? = 0
configure:6555: test -s conftest
configure:6558: $? = 0
configure:6569: result: yes
configure:6505: checking for regerror
configure:6549: gcc -o conftest -g -O2    conftest.c -lelf  >&5
configure:6552: $? = 0
configure:6555: test -s conftest
configure:6558: $? = 0
configure:6569: result: yes
configure:6505: checking for setpriority
configure:6549: gcc -o conftest -g -O2    conftest.c -lelf  >&5
configure:6552: $? = 0
configure:6555: test -s conftest
configure:6558: $? = 0
configure:6569: result: yes
configure:6505: checking for strerror
configure:6549: gcc -o conftest -g -O2    conftest.c -lelf  >&5
configure:6552: $? = 0
configure:6555: test -s conftest
configure:6558: $? = 0
configure:6569: result: yes
configure:6505: checking for strrchr
configure:6549: gcc -o conftest -g -O2    conftest.c -lelf  >&5
configure:6567: warning: conflicting types for built-in function 'strrchr'
configure:6552: $? = 0
configure:6555: test -s conftest
configure:6558: $? = 0
configure:6569: result: yes
configure:6584: checking for _XEditResCheckMessages in -lXmu
configure:6615: gcc -o conftest -g -O2    conftest.c -lXmu  -lXm -lXt -lXext -lX11 -lelf   >&5
configure:6618: $? = 0
configure:6621: test -s conftest
configure:6624: $? = 0
configure:6636: result: yes
configure:6654: checking for perl
configure:6672: found /usr/bin/perl
configure:6685: result: /usr/bin/perl
configure:6796: creating ./config.status

## ---------------------- ##
## Running config.status. ##
## ---------------------- ##

This file was extended by config.status, which was
generated by GNU Autoconf 2.55.  Invocation command line was

  CONFIG_FILES    = 
  CONFIG_HEADERS  = 
  CONFIG_LINKS    = 
  CONFIG_COMMANDS = 
  $ ./config.status 

on Caracal

config.status:683: creating doc/Makefile
config.status:683: creating intl/Makefile
config.status:683: creating macros/Makefile
config.status:683: creating src/AIX/Makefile
config.status:683: creating src/BSDI/Makefile
config.status:683: creating src/FreeBSD/Makefile
config.status:683: creating src/Linux/Makefile
config.status:683: creating src/NetBSD/Makefile
config.status:683: creating src/SunOS/Makefile
config.status:683: creating src/libgtop/Makefile
config.status:683: creating src/Makefile
config.status:683: creating Makefile
config.status:683: creating src/help/Makefile
config.status:683: creating doc/xps.pod
config.status:683: creating xps.spec
config.status:787: creating src/config.h
config.status:968: src/config.h is unchanged
config.status:1074: executing depfiles commands

## ---------------- ##
## Cache variables. ##
## ---------------- ##

ac_cv_build=i686-pc-linux-gnu
ac_cv_build_alias=i686-pc-linux-gnu
ac_cv_c_compiler_gnu=yes
ac_cv_c_const=yes
ac_cv_c_inline=inline
ac_cv_env_CC_set=
ac_cv_env_CC_value=
ac_cv_env_CFLAGS_set=
ac_cv_env_CFLAGS_value=
ac_cv_env_CPPFLAGS_set=
ac_cv_env_CPPFLAGS_value=
ac_cv_env_CPP_set=
ac_cv_env_CPP_value=
ac_cv_env_LDFLAGS_set=
ac_cv_env_LDFLAGS_value=
ac_cv_env_build_alias_set=
ac_cv_env_build_alias_value=
ac_cv_env_host_alias_set=
ac_cv_env_host_alias_value=
ac_cv_env_target_alias_set=
ac_cv_env_target_alias_value=
ac_cv_exeext=
ac_cv_func_connect=yes
ac_cv_func_gethostbyname=yes
ac_cv_func_gethostname=yes
ac_cv_func_getloadavg=yes
ac_cv_func_getpriority=yes
ac_cv_func_kill=yes
ac_cv_func_lstat_dereferences_slashed_symlink=yes
ac_cv_func_memset=yes
ac_cv_func_regcomp=yes
ac_cv_func_regerror=yes
ac_cv_func_regexec=yes
ac_cv_func_remove=yes
ac_cv_func_setpriority=yes
ac_cv_func_shmat=yes
ac_cv_func_stat_empty_string_bug=no
ac_cv_func_strerror=yes
ac_cv_func_strrchr=yes
ac_cv_have_x='have_x=yes 		ac_x_includes= ac_x_libraries='
ac_cv_header_X11_Xmu_Editres_h=yes
ac_cv_header_Xm_Xm_h=yes
ac_cv_header_dirent_dirent_h=yes
ac_cv_header_errno_h=yes
ac_cv_header_fcntl_h=yes
ac_cv_header_inttypes_h=yes
ac_cv_header_limits_h=yes
ac_cv_header_linux_tasks_h=no
ac_cv_header_malloc_h=yes
ac_cv_header_memory_h=yes
ac_cv_header_nlist_h=yes
ac_cv_header_pwd_h=yes
ac_cv_header_regex_h=yes
ac_cv_header_signal_h=yes
ac_cv_header_stdc=yes
ac_cv_header_stdint_h=yes
ac_cv_header_stdlib_h=yes
ac_cv_header_string_h=yes
ac_cv_header_strings_h=yes
ac_cv_header_sys_param_h=yes
ac_cv_header_sys_resource_h=yes
ac_cv_header_sys_stat_h=yes
ac_cv_header_sys_time_h=yes
ac_cv_header_sys_types_h=yes
ac_cv_header_sys_vfs_h=yes
ac_cv_header_unistd_h=yes
ac_cv_header_usersec_h=no
ac_cv_host=i686-pc-linux-gnu
ac_cv_host_alias=i686-pc-linux-gnu
ac_cv_lib_ICE_IceConnectionNumber=yes
ac_cv_lib_Xmu__XEditResCheckMessages=yes
ac_cv_lib_elf_elf_begin=yes
ac_cv_lib_kstat_kstat_open=no
ac_cv_lib_kvm_kvm_open=no
ac_cv_lib_s_IDtouser=no
ac_cv_objext=o
ac_cv_path_PERL=/usr/bin/perl
ac_cv_path_RPMBUILD=/bin/true
ac_cv_path_install='/usr/bin/install -c'
ac_cv_prog_AWK=gawk
ac_cv_prog_CPP='gcc -E'
ac_cv_prog_ac_ct_CC=gcc
ac_cv_prog_cc_g=yes
ac_cv_prog_cc_stdc=
ac_cv_prog_egrep='grep -E'
ac_cv_prog_gcc_traditional=no
ac_cv_prog_make_make_set=yes
ac_cv_search_opendir='none required'
ac_cv_type_pid_t=yes
ac_cv_type_size_t=yes
ac_cv_type_uid_t=yes
am_cv_CC_dependencies_compiler_type=gcc3

## ----------------- ##
## Output variables. ##
## ----------------- ##

ACLOCAL='${SHELL} /mnt/mesa/src/xm/dtextra/xps-4.2/missing --run aclocal-1.6'
AMDEPBACKSLASH='\'
AMDEP_FALSE='#'
AMDEP_TRUE=''
AMTAR='${SHELL} /mnt/mesa/src/xm/dtextra/xps-4.2/missing --run tar'
AUTOCONF='${SHELL} /mnt/mesa/src/xm/dtextra/xps-4.2/missing --run autoconf'
AUTOHEADER='${SHELL} /mnt/mesa/src/xm/dtextra/xps-4.2/missing --run autoheader'
AUTOMAKE='${SHELL} /mnt/mesa/src/xm/dtextra/xps-4.2/missing --run automake-1.6'
AWK='gawk'
CC='gcc'
CCDEPMODE='depmode=gcc3'
CFLAGS='-g -O2'
CPP='gcc -E'
CPPFLAGS=' '
DEFS='-DHAVE_CONFIG_H'
DEPDIR='.deps'
ECHO_C=''
ECHO_N='-n'
ECHO_T=''
EGREP='grep -E'
EXEEXT=''
INSTALL_DATA='${INSTALL} -m 644'
INSTALL_PROGRAM='${INSTALL}'
INSTALL_SCRIPT='${INSTALL}'
INSTALL_STRIP_PROGRAM='${SHELL} $(install_sh) -c -s'
INSTALL_TARGET='install-nosuid'
LDFLAGS=''
LIBOBJS=''
LIBS='-lelf '
LN_S='ln -s'
LTLIBOBJS=''
MAKEINFO='${SHELL} /mnt/mesa/src/xm/dtextra/xps-4.2/missing --run makeinfo'
OBJEXT='o'
PACKAGE='xps'
PACKAGE_BUGREPORT=''
PACKAGE_NAME=''
PACKAGE_STRING=''
PACKAGE_TARNAME=''
PACKAGE_VERSION=''
PATH_SEPARATOR=':'
PERL='/usr/bin/perl'
PROGRAM='xps'
RPMBUILD='/bin/true'
SET_MAKE=''
SHELL='/bin/sh'
STRIP=''
VERSION='4.2'
VERSION_CURRENT='4.2'
XINCLUDES=''
X_CFLAGS=''
X_EXTRA_LIBS=''
X_LIBS=' -lXm -lXt -lXext -lX11 -lXmu'
X_PRE_LIBS=' -lSM -lICE'
ac_ct_CC='gcc'
ac_ct_STRIP=''
ac_prefix_program=''
am__include='include'
am__quote=''
bindir='${exec_prefix}/bin'
build='i686-pc-linux-gnu'
build_alias=''
build_cpu='i686'
build_os='linux-gnu'
build_vendor='pc'
datadir='${prefix}/share'
exec_prefix='${prefix}'
host='i686-pc-linux-gnu'
host_alias=''
host_cpu='i686'
host_os='linux-gnu'
host_vendor='pc'
includedir='${prefix}/include'
infodir='${prefix}/info'
install_sh='/mnt/mesa/src/xm/dtextra/xps-4.2/install-sh'
libdir='${exec_prefix}/lib'
libexecdir='${exec_prefix}/libexec'
localstatedir='${prefix}/var'
mandir='${prefix}/man'
oldincludedir='/usr/include'
prefix='/usr'
program_transform_name='s,x,x,'
sbindir='${exec_prefix}/sbin'
sharedstatedir='${prefix}/com'
sysconfdir='${prefix}/etc'
target_alias=''
x_applibdir='/usr/lib/X11/app-defaults'

## ----------- ##
## confdefs.h. ##
## ----------- ##

#define HAVE_DIRENT_H 1
#define HAVE_ERRNO_H 1
#define HAVE_FCNTL_H 1
#define HAVE_GETHOSTNAME 1
#define HAVE_GETLOADAVG 1
#define HAVE_GETPRIORITY 1
#define HAVE_INTTYPES_H 1
#define HAVE_KILL 1
#define HAVE_LIMITS_H 1
#define HAVE_MALLOC_H 1
#define HAVE_MEMORY_H 1
#define HAVE_MEMSET 1
#define HAVE_NLIST_H 1
#define HAVE_PWD_H 1
#define HAVE_REGCOMP 1
#define HAVE_REGERROR 1
#define HAVE_REGEXEC 1
#define HAVE_REGEX_H 1
#define HAVE_SETPRIORITY 1
#define HAVE_SIGNAL_H 1
#define HAVE_STDINT_H 1
#define HAVE_STDLIB_H 1
#define HAVE_STDLIB_H 1
#define HAVE_STRERROR 1
#define HAVE_STRINGS_H 1
#define HAVE_STRING_H 1
#define HAVE_STRING_H 1
#define HAVE_STRRCHR 1
#define HAVE_SYS_PARAM_H 1
#define HAVE_SYS_RESOURCE_H 1
#define HAVE_SYS_STAT_H 1
#define HAVE_SYS_TIME_H 1
#define HAVE_SYS_TYPES_H 1
#define HAVE_SYS_VFS_H 1
#define HAVE_UNISTD_H 1
#define HAVE_UNISTD_H 1
#define HAVE_XEDITRESCHECKMESSAGES 1
#define LSTAT_FOLLOWS_SLASHED_SYMLINK 1
#define PACKAGE "xps"
#define PACKAGE_BUGREPORT ""
#define PACKAGE_NAME ""
#define PACKAGE_STRING ""
#define PACKAGE_TARNAME ""
#define PACKAGE_VERSION ""
#define STDC_HEADERS 1
#define VERSION "4.2"

configure: exit 0
